This is pdfTeX, Version 3.141592653-2.6-1.40.28 (TeX Live 2025) (preloaded format=pdflatex 2026.2.10)  17 MAR 2026 23:43
entering extended mode
 \write18 enabled.
 file:line:error style messages enabled.
 %&-line parsing enabled.
**"c:/Users/Tran Minh Phuong/UCL2/Enseignement/Preparation/Teaching/Coniques/coniques"
(c:/Users/Tran Minh Phuong/UCL2/Enseignement/Preparation/Teaching/Coniques/coniques.tex
LaTeX2e <2025-11-01>
L3 programming layer <2026-01-19>
(c:/texlive/2025/texmf-dist/tex/latex/base/article.cls
Document Class: article 2025/01/22 v1.4n Standard LaTeX document class
(c:/texlive/2025/texmf-dist/tex/latex/base/size12.clo
File: size12.clo 2025/01/22 v1.4n Standard LaTeX file (size option)
)
\c@part=\count275
\c@section=\count276
\c@subsection=\count277
\c@subsubsection=\count278
\c@paragraph=\count279
\c@subparagraph=\count280
\c@figure=\count281
\c@table=\count282
\abovecaptionskip=\skip49
\belowcaptionskip=\skip50
\bibindent=\dimen148
) (../LateX/packages.tex (c:/texlive/2025/texmf-dist/tex/latex/natbib/natbib.sty
Package: natbib 2010/09/13 8.31b (PWD, AO)
\bibhang=\skip51
\bibsep=\skip52
LaTeX Info: Redefining \cite on input line 694.
\c@NAT@ctr=\count283
) (c:/texlive/2025/texmf-dist/tex/latex/url/url.sty
\Urlmuskip=\muskip17
Package: url 2013/09/16  ver 3.4  Verb mode for urls, etc.
) (c:/texlive/2025/texmf-dist/tex/latex/cmbright/cmbright.sty
Package: cmbright 2005/04/13 v8.1 (WaS)
LaTeX Font Info:    Redeclaring symbol font `operators' on input line 29.
LaTeX Font Info:    Overwriting symbol font `operators' in version `normal'
(Font)                  OT1/cmr/m/n --> OT1/cmbr/m/n on input line 29.
LaTeX Font Info:    Overwriting symbol font `operators' in version `bold'
(Font)                  OT1/cmr/bx/n --> OT1/cmbr/m/n on input line 29.
LaTeX Font Info:    Redeclaring symbol font `letters' on input line 30.
LaTeX Font Info:    Overwriting symbol font `letters' in version `normal'
(Font)                  OML/cmm/m/it --> OML/cmbrm/m/it on input line 30.
LaTeX Font Info:    Overwriting symbol font `letters' in version `bold'
(Font)                  OML/cmm/b/it --> OML/cmbrm/m/it on input line 30.
LaTeX Font Info:    Overwriting symbol font `letters' in version `bold'
(Font)                  OML/cmbrm/m/it --> OML/cmbrm/b/it on input line 31.
LaTeX Font Info:    Redeclaring symbol font `symbols' on input line 32.
LaTeX Font Info:    Overwriting symbol font `symbols' in version `normal'
(Font)                  OMS/cmsy/m/n --> OMS/cmbrs/m/n on input line 32.
LaTeX Font Info:    Overwriting symbol font `symbols' in version `bold'
(Font)                  OMS/cmsy/b/n --> OMS/cmbrs/m/n on input line 32.
LaTeX Font Info:    Redeclaring math alphabet \mathit on input line 33.
LaTeX Font Info:    Overwriting math alphabet `\mathit' in version `normal'
(Font)                  OT1/cmr/m/it --> OT1/cmbr/m/sl on input line 33.
LaTeX Font Info:    Overwriting math alphabet `\mathit' in version `bold'
(Font)                  OT1/cmr/bx/it --> OT1/cmbr/m/sl on input line 33.
LaTeX Font Info:    Redeclaring math alphabet \mathbf on input line 34.
LaTeX Font Info:    Overwriting math alphabet `\mathbf' in version `normal'
(Font)                  OT1/cmr/bx/n --> OT1/cmbr/bx/n on input line 34.
LaTeX Font Info:    Overwriting math alphabet `\mathbf' in version `bold'
(Font)                  OT1/cmr/bx/n --> OT1/cmbr/bx/n on input line 34.
LaTeX Font Info:    Redeclaring math alphabet \mathtt on input line 35.
LaTeX Font Info:    Overwriting math alphabet `\mathtt' in version `normal'
(Font)                  OT1/cmtt/m/n --> OT1/cmtl/m/n on input line 35.
LaTeX Font Info:    Overwriting math alphabet `\mathtt' in version `bold'
(Font)                  OT1/cmtt/m/n --> OT1/cmtl/m/n on input line 35.
LaTeX Font Info:    Redeclaring math symbol \alpha on input line 37.
LaTeX Font Info:    Redeclaring math symbol \beta on input line 38.
LaTeX Font Info:    Redeclaring math symbol \gamma on input line 39.
LaTeX Font Info:    Redeclaring math symbol \delta on input line 40.
LaTeX Font Info:    Redeclaring math symbol \epsilon on input line 41.
LaTeX Font Info:    Redeclaring math symbol \zeta on input line 42.
LaTeX Font Info:    Redeclaring math symbol \eta on input line 43.
LaTeX Font Info:    Redeclaring math symbol \theta on input line 44.
LaTeX Font Info:    Redeclaring math symbol \iota on input line 45.
LaTeX Font Info:    Redeclaring math symbol \kappa on input line 46.
LaTeX Font Info:    Redeclaring math symbol \lambda on input line 47.
LaTeX Font Info:    Redeclaring math symbol \mu on input line 48.
LaTeX Font Info:    Redeclaring math symbol \nu on input line 49.
LaTeX Font Info:    Redeclaring math symbol \xi on input line 50.
LaTeX Font Info:    Redeclaring math symbol \pi on input line 51.
LaTeX Font Info:    Redeclaring math symbol \rho on input line 52.
LaTeX Font Info:    Redeclaring math symbol \sigma on input line 53.
LaTeX Font Info:    Redeclaring math symbol \tau on input line 54.
LaTeX Font Info:    Redeclaring math symbol \upsilon on input line 55.
LaTeX Font Info:    Redeclaring math symbol \phi on input line 56.
LaTeX Font Info:    Redeclaring math symbol \chi on input line 57.
LaTeX Font Info:    Redeclaring math symbol \psi on input line 58.
LaTeX Font Info:    Redeclaring math symbol \omega on input line 59.
LaTeX Font Info:    Redeclaring math symbol \varepsilon on input line 60.
LaTeX Font Info:    Redeclaring math symbol \vartheta on input line 61.
LaTeX Font Info:    Redeclaring math symbol \varpi on input line 62.
LaTeX Font Info:    Redeclaring math symbol \varrho on input line 63.
LaTeX Font Info:    Redeclaring math symbol \varsigma on input line 64.
LaTeX Font Info:    Redeclaring math symbol \varphi on input line 65.
LaTeX Info: Redefining \LaTeX on input line 129.
LaTeX Info: Redefining \LaTeXe on input line 139.
LaTeX Font Info:    Trying to load font information for OT1+cmbr on input line 144.
 (c:/texlive/2025/texmf-dist/tex/latex/cmbright/ot1cmbr.fd
File: ot1cmbr.fd 2005/04/13 v8.1 (WaS)
)) (c:/texlive/2025/texmf-dist/tex/latex/base/fontenc.sty
Package: fontenc 2025/07/18 v2.1d Standard LaTeX package
LaTeX Font Info:    Trying to load font information for T1+cmbr on input line 116.
 (c:/texlive/2025/texmf-dist/tex/latex/cmbright/t1cmbr.fd
File: t1cmbr.fd 2005/04/13 v8.1 (WaS)
)) (c:/texlive/2025/texmf-dist/tex/latex/base/inputenc.sty
Package: inputenc 2024/02/08 v1.3d Input encoding file
\inpenc@prehook=\toks17
\inpenc@posthook=\toks18
) (c:/texlive/2025/texmf-dist/tex/generic/babel/babel.sty
Package: babel 2026/01/26 v26.2 The multilingual framework for LuaLaTeX, pdfLaTeX and XeLaTeX
\babel@savecnt=\count284
LaTeX Encoding Info:    Redeclaring text command \ij (encoding OT1) on input line 2078.
LaTeX Encoding Info:    Redeclaring text command \IJ (encoding OT1) on input line 2080.
LaTeX Encoding Info:    Redeclaring text command \ij (encoding T1) on input line 2082.
LaTeX Encoding Info:    Redeclaring text command \IJ (encoding T1) on input line 2083.
LaTeX Encoding Info:    Ignoring declaration for text command \ij (encoding ?) on input line 2084.
LaTeX Encoding Info:    Ignoring declaration for text command \IJ (encoding ?) on input line 2086.
LaTeX Encoding Info:    Ignoring declaration for text command \SS (encoding ?) on input line 2111.
\U@D=\dimen149
\l@unhyphenated=\language90
 (c:/texlive/2025/texmf-dist/tex/generic/babel/txtbabel.def)
\bbl@readstream=\read2
\bbl@dirlevel=\count285
 (c:/texlive/2025/texmf-dist/tex/generic/babel/locale/fr/babel-french.tex)
Package babel Info: Importing font and identification data for french
(babel)             from babel-fr.ini. Reported on input line 4330.
 (c:/texlive/2025/texmf-dist/tex/generic/babel-french/french.ldf
Language: french 2025-08-15 v4.0e French support from the babel system
 (c:/texlive/2025/texmf-dist/tex/generic/babel-french/french3.ldf
Language: french 2025-08-15 v3.7e French support from the babel system
\FB@stdchar=\count286
Package babel Info: Making : an active character on input line 273.
Package babel Info: Making ; an active character on input line 274.
Package babel Info: Making ! an active character on input line 275.
Package babel Info: Making ? an active character on input line 276.
\FBguill@level=\count287
\FBold@everypar=\toks19
\FB@Mht=\dimen150
\mc@charclass=\count288
\mc@charfam=\count289
\mc@charslot=\count290
\std@mcc=\count291
\dec@mcc=\count292
\FB@pardim=\dimen151
\listindentFB=\dimen152
\descindentFB=\dimen153
\labelindentFB=\dimen154
\labelwidthFB=\dimen155
\leftmarginFB=\dimen156
\parindentFFN=\dimen157
\FBfnindent=\dimen158
))) (c:/texlive/2025/texmf-dist/tex/latex/carlisle/scalefnt.sty) (c:/texlive/2025/texmf-dist/tex/latex/numprint/numprint.sty
Package: numprint 2012/08/20 v1.39 Print numbers (HH)
 (c:/texlive/2025/texmf-dist/tex/latex/tools/array.sty
Package: array 2025/09/25 v2.6n Tabular extension package (FMi)
\col@sep=\dimen159
\ar@mcellbox=\box53
\extrarowheight=\dimen160
\NC@list=\toks20
\extratabsurround=\skip53
\backup@length=\skip54
\ar@cellbox=\box54
)
\c@nprt@mantissa@digitsbefore=\count293
\c@nprt@mantissa@digitsafter=\count294
\c@nprt@exponent@digitsbefore=\count295
\c@nprt@exponent@digitsafter=\count296
\nprt@digitwidth=\skip55
\nprt@sepwidth=\skip56
\nprt@decimalwidth=\skip57
\nprt@blockwidth=\skip58
\nprt@digittoks=\toks21
\nprt@pretoks=\toks22
\nprt@posttoks=\toks23
\nprt@thisdigit=\count297
\nprt@curpos=\count298
\nprt@rndpos=\count299
\c@nprt@digitsfirstblock=\count300
\c@nprt@blockcnt=\count301
\c@nprt@cntprint=\count302
 No configuration file `numprint.cfg' found.) (c:/texlive/2025/texmf-dist/tex/latex/amsmath/amsmath.sty
Package: amsmath 2025/07/09 v2.17z AMS math features
\@mathmargin=\skip59

For additional information on amsmath, use the `?' option.
(c:/texlive/2025/texmf-dist/tex/latex/amsmath/amstext.sty
Package: amstext 2024/11/17 v2.01 AMS text
 (c:/texlive/2025/texmf-dist/tex/latex/amsmath/amsgen.sty
File: amsgen.sty 1999/11/30 v2.0 generic functions
\@emptytoks=\toks24
\ex@=\dimen161
)) (c:/texlive/2025/texmf-dist/tex/latex/amsmath/amsbsy.sty
Package: amsbsy 1999/11/29 v1.2d Bold Symbols
\pmbraise@=\dimen162
) (c:/texlive/2025/texmf-dist/tex/latex/amsmath/amsopn.sty
Package: amsopn 2022/04/08 v2.04 operator names
)
\inf@bad=\count303
LaTeX Info: Redefining \frac on input line 233.
\uproot@=\count304
\leftroot@=\count305
LaTeX Info: Redefining \overline on input line 398.
LaTeX Info: Redefining \colon on input line 409.
\classnum@=\count306
\DOTSCASE@=\count307
LaTeX Info: Redefining \ldots on input line 495.
LaTeX Info: Redefining \dots on input line 498.
LaTeX Info: Redefining \cdots on input line 619.
\Mathstrutbox@=\box55
\strutbox@=\box56
LaTeX Info: Redefining \big on input line 721.
LaTeX Info: Redefining \Big on input line 722.
LaTeX Info: Redefining \bigg on input line 723.
LaTeX Info: Redefining \Bigg on input line 724.
\big@size=\dimen163
LaTeX Font Info:    Redeclaring font encoding OML on input line 742.
LaTeX Font Info:    Redeclaring font encoding OMS on input line 743.
\macc@depth=\count308
LaTeX Info: Redefining \bmod on input line 904.
LaTeX Info: Redefining \pmod on input line 909.
LaTeX Info: Redefining \smash on input line 939.
LaTeX Info: Redefining \relbar on input line 969.
LaTeX Info: Redefining \Relbar on input line 970.
\c@MaxMatrixCols=\count309
\dotsspace@=\muskip18
\c@parentequation=\count310
\dspbrk@lvl=\count311
\tag@help=\toks25
\row@=\count312
\column@=\count313
\maxfields@=\count314
\andhelp@=\toks26
\eqnshift@=\dimen164
\alignsep@=\dimen165
\tagshift@=\dimen166
\tagwidth@=\dimen167
\totwidth@=\dimen168
\lineht@=\dimen169
\@envbody=\toks27
\multlinegap=\skip60
\multlinetaggap=\skip61
\mathdisplay@stack=\toks28
LaTeX Info: Redefining \[ on input line 2950.
LaTeX Info: Redefining \] on input line 2951.
) (c:/texlive/2025/texmf-dist/tex/latex/jknapltx/mathrsfs.sty
Package: mathrsfs 1996/01/01 Math RSFS package v1.0 (jk)
\symrsfs=\mathgroup4
) (c:/texlive/2025/texmf-dist/tex/latex/amsfonts/amssymb.sty
Package: amssymb 2013/01/14 v3.01 AMS font symbols
 (c:/texlive/2025/texmf-dist/tex/latex/amsfonts/amsfonts.sty
Package: amsfonts 2013/01/14 v3.01 Basic AMSFonts support
\symAMSa=\mathgroup5
\symAMSb=\mathgroup6
LaTeX Font Info:    Redeclaring math symbol \hbar on input line 98.
LaTeX Font Info:    Overwriting math alphabet `\mathfrak' in version `bold'
(Font)                  U/euf/m/n --> U/euf/b/n on input line 106.
)) (c:/texlive/2025/texmf-dist/tex/latex/amscls/amsthm.sty
Package: amsthm 2020/05/29 v2.20.6
\thm@style=\toks29
\thm@bodyfont=\toks30
\thm@headfont=\toks31
\thm@notefont=\toks32
\thm@headpunct=\toks33
\thm@preskip=\skip62
\thm@postskip=\skip63
\thm@headsep=\skip64
\dth@everypar=\toks34
) (c:/texlive/2025/texmf-dist/tex/latex/bbm-macros/bbm.sty
Package: bbm 1999/03/15 V 1.2 provides fonts for set symbols - TH
LaTeX Font Info:    Overwriting math alphabet `\mathbbm' in version `bold'
(Font)                  U/bbm/m/n --> U/bbm/bx/n on input line 33.
LaTeX Font Info:    Overwriting math alphabet `\mathbbmss' in version `bold'
(Font)                  U/bbmss/m/n --> U/bbmss/bx/n on input line 35.
) (c:/texlive/2025/texmf-dist/tex/latex/mathtools/mathtools.sty
Package: mathtools 2024/10/04 v1.31 mathematical typesetting tools
 (c:/texlive/2025/texmf-dist/tex/latex/graphics/keyval.sty
Package: keyval 2022/05/29 v1.15 key=value parser (DPC)
\KV@toks@=\toks35
) (c:/texlive/2025/texmf-dist/tex/latex/tools/calc.sty
Package: calc 2025/03/01 v4.3b Infix arithmetic (KKT,FJ)
\calc@Acount=\count315
\calc@Bcount=\count316
\calc@Adimen=\dimen170
\calc@Bdimen=\dimen171
\calc@Askip=\skip65
\calc@Bskip=\skip66
LaTeX Info: Redefining \setlength on input line 86.
LaTeX Info: Redefining \addtolength on input line 87.
\calc@Ccount=\count317
\calc@Cskip=\skip67
) (c:/texlive/2025/texmf-dist/tex/latex/mathtools/mhsetup.sty
Package: mhsetup 2021/03/18 v1.4 programming setup (MH)
)
\g_MT_multlinerow_int=\count318
\l_MT_multwidth_dim=\dimen172
\origjot=\skip68
\l_MT_shortvdotswithinadjustabove_dim=\dimen173
\l_MT_shortvdotswithinadjustbelow_dim=\dimen174
\l_MT_above_intertext_sep=\dimen175
\l_MT_below_intertext_sep=\dimen176
\l_MT_above_shortintertext_sep=\dimen177
\l_MT_below_shortintertext_sep=\dimen178
\xmathstrut@box=\box57
\xmathstrut@dim=\dimen179
) (c:/texlive/2025/texmf-dist/tex/latex/xcolor/xcolor.sty
Package: xcolor 2024/09/29 v3.02 LaTeX color extensions (UK)
 (c:/texlive/2025/texmf-dist/tex/latex/graphics-cfg/color.cfg
File: color.cfg 2016/01/02 v1.6 sample color configuration
)
Package xcolor Info: Driver file: pdftex.def on input line 274.
 (c:/texlive/2025/texmf-dist/tex/latex/graphics-def/pdftex.def
File: pdftex.def 2025/09/29 v1.2d Graphics/color driver for pdftex
) (c:/texlive/2025/texmf-dist/tex/latex/graphics/mathcolor.ltx)
Package xcolor Info: Model `cmy' substituted by `cmy0' on input line 1349.
Package xcolor Info: Model `hsb' substituted by `rgb' on input line 1353.
Package xcolor Info: Model `RGB' extended on input line 1365.
Package xcolor Info: Model `HTML' substituted by `rgb' on input line 1367.
Package xcolor Info: Model `Hsb' substituted by `hsb' on input line 1368.
Package xcolor Info: Model `tHsb' substituted by `hsb' on input line 1369.
Package xcolor Info: Model `HSB' substituted by `hsb' on input line 1370.
Package xcolor Info: Model `Gray' substituted by `gray' on input line 1371.
Package xcolor Info: Model `wave' substituted by `hsb' on input line 1372.
) (c:/texlive/2025/texmf-dist/tex/latex/cancel/cancel.sty
Package: cancel 2013/04/12 v2.2 Cancel math terms
) (c:/texlive/2025/texmf-dist/tex/latex/pdfpages/pdfpages.sty
Package: pdfpages 2025/07/23 v0.6g Insert pages of external PDF documents (AM)
 (c:/texlive/2025/texmf-dist/tex/latex/base/ifthen.sty
Package: ifthen 2024/03/16 v1.1e Standard LaTeX ifthen package (DPC)
) (c:/texlive/2025/texmf-dist/tex/latex/eso-pic/eso-pic.sty
Package: eso-pic 2025/12/10 v3.0d eso-pic (RN)
\ESO@tempdima=\dimen180
\ESO@tempdimb=\dimen181
) (c:/texlive/2025/texmf-dist/tex/latex/etoolbox/etoolbox.sty
Package: etoolbox 2025/10/02 v2.5m e-TeX tools for LaTeX (JAW)
\etb@tempcnta=\count319
) (c:/texlive/2025/texmf-dist/tex/latex/graphics/graphicx.sty
Package: graphicx 2024/12/31 v1.2e Enhanced LaTeX Graphics (DPC,SPQR)
 (c:/texlive/2025/texmf-dist/tex/latex/graphics/graphics.sty
Package: graphics 2024/08/06 v1.4g Standard LaTeX Graphics (DPC,SPQR)
 (c:/texlive/2025/texmf-dist/tex/latex/graphics/trig.sty
Package: trig 2023/12/02 v1.11 sin cos tan (DPC)
) (c:/texlive/2025/texmf-dist/tex/latex/graphics-cfg/graphics.cfg
File: graphics.cfg 2016/06/04 v1.11 sample graphics configuration
)
Package graphics Info: Driver file: pdftex.def on input line 106.
)
\Gin@req@height=\dimen182
\Gin@req@width=\dimen183
)
\AM@pagewidth=\dimen184
\AM@pageheight=\dimen185
\AM@fboxrule=\dimen186
 (c:/texlive/2025/texmf-dist/tex/latex/pdfpages/pppdftex.def
File: pppdftex.def 2025/07/23 v0.6g Pdfpages driver for pdfTeX (AM)
)
\pdfpages@includegraphics@status=\count320
\AM@pagebox=\box58
\AM@global@opts=\toks36
\AM@pagecnt=\count321
\AM@toc@title=\toks37
\AM@lof@heading=\toks38
\c@AM@survey=\count322
\AM@templatesizebox=\box59
) (c:/texlive/2025/texmf-dist/tex/latex/colortbl/colortbl.sty
Package: colortbl 2024/10/29 v1.0k Color table columns (DPC)
\everycr=\toks39
\minrowclearance=\skip69
\rownum=\count323
) (c:/texlive/2025/texmf-dist/tex/latex/wrapfig/wrapfig.sty
\wrapoverhang=\dimen187
\WF@size=\dimen188
\c@WF@wrappedlines=\count324
\WF@box=\box60
\WF@everypar=\toks40
Package: wrapfig 2003/01/31  v 3.6
) (c:/texlive/2025/texmf-dist/tex/latex/standalone/standalone.sty
Package: standalone 2025/02/22 v1.5a Package to include TeX sub-files with preambles
 (c:/texlive/2025/texmf-dist/tex/latex/tools/shellesc.sty
Package: shellesc 2023/07/08 v1.0d unified shell escape interface for LaTeX
Package shellesc Info: Unrestricted shell escape enabled on input line 75.
) (c:/texlive/2025/texmf-dist/tex/generic/iftex/ifluatex.sty
Package: ifluatex 2019/10/25 v1.5 ifluatex legacy package. Use iftex instead.
 (c:/texlive/2025/texmf-dist/tex/generic/iftex/iftex.sty
Package: iftex 2024/12/12 v1.0g TeX engine tests
)) (c:/texlive/2025/texmf-dist/tex/latex/xkeyval/xkeyval.sty
Package: xkeyval 2025/11/04 v2.10 package option processing (HA)
 (c:/texlive/2025/texmf-dist/tex/generic/xkeyval/xkeyval.tex (c:/texlive/2025/texmf-dist/tex/generic/xkeyval/xkvutils.tex
\XKV@toks=\toks41
\XKV@tempa@toks=\toks42
\XKV@tempb@toks=\toks43
)
\XKV@depth=\count325
File: xkeyval.tex 2014/12/03 v2.7a key=value parser (HA)
)) (c:/texlive/2025/texmf-dist/tex/latex/currfile/currfile.sty
Package: currfile 2024/03/14 v1.0 Provides the file path elements of the current input file
 (c:/texlive/2025/texmf-dist/tex/latex/kvoptions/kvoptions.sty
Package: kvoptions 2022-06-15 v3.15 Key value format for package options (HO)
 (c:/texlive/2025/texmf-dist/tex/generic/ltxcmds/ltxcmds.sty
Package: ltxcmds 2023-12-04 v1.26 LaTeX kernel commands for general use (HO)
) (c:/texlive/2025/texmf-dist/tex/latex/kvsetkeys/kvsetkeys.sty
Package: kvsetkeys 2022-10-05 v1.19 Key value parser (HO)
)) (c:/texlive/2025/texmf-dist/tex/latex/filehook/filehook.sty
Package: filehook 2022/10/25 v0.8b Hooks for input files
 (c:/texlive/2025/texmf-dist/tex/latex/filehook/filehook-2020.sty
Package: filehook-2020 2022/10/25 v0.8b Hooks for input files
))
\c@currfiledepth=\count326
) (c:/texlive/2025/texmf-dist/tex/latex/gincltex/gincltex.sty (c:/texlive/2025/texmf-dist/tex/latex/svn-prov/svn-prov.sty
Package: svn-prov 2010/04/24 v3.1862 Package Date/Version from SVN Keywords
)
Package: gincltex 2011/09/04 v0.3 Include external LaTeX files like graphics
 (c:/texlive/2025/texmf-dist/tex/latex/adjustbox/adjustbox.sty
Package: adjustbox 2025/02/26 v1.3c Adjusting TeX boxes (trim, clip, ...)
 (c:/texlive/2025/texmf-dist/tex/latex/adjustbox/adjcalc.sty
Package: adjcalc 2012/05/16 v1.1 Provides advanced setlength with multiple back-ends (calc, etex, pgfmath)
) (c:/texlive/2025/texmf-dist/tex/latex/adjustbox/trimclip.sty
Package: trimclip 2025/02/21 v1.2a Trim and clip general TeX material
 (c:/texlive/2025/texmf-dist/tex/latex/collectbox/collectbox.sty
Package: collectbox 2022/10/17 v0.4c Collect macro arguments as boxes
\collectedbox=\box61
)
\tc@llx=\dimen189
\tc@lly=\dimen190
\tc@urx=\dimen191
\tc@ury=\dimen192
Package trimclip Info: Using driver 'tc-pdftex.def'.
 (c:/texlive/2025/texmf-dist/tex/latex/adjustbox/tc-pdftex.def
File: tc-pdftex.def 2025/02/26 v2.3 Clipping driver for pdftex
))
\adjbox@Width=\dimen193
\adjbox@Height=\dimen194
\adjbox@Depth=\dimen195
\adjbox@Totalheight=\dimen196
\adjbox@pwidth=\dimen197
\adjbox@pheight=\dimen198
\adjbox@pdepth=\dimen199
\adjbox@ptotalheight=\dimen256
 (c:/texlive/2025/texmf-dist/tex/latex/ifoddpage/ifoddpage.sty
Package: ifoddpage 2022/10/18 v1.2 Conditionals for odd/even page detection
\c@checkoddpage=\count327
) (c:/texlive/2025/texmf-dist/tex/latex/varwidth/varwidth.sty
Package: varwidth 2009/03/30 ver 0.92;  Variable-width minipages
\@vwid@box=\box62
\sift@deathcycles=\count328
\@vwid@loff=\dimen257
\@vwid@roff=\dimen258
)
==> First Aid for varwidth.sty applied!
)
\gincltex@box=\box63
) (c:/texlive/2025/texmf-dist/tex/latex/filemod/filemod-expmin.sty
Package: filemod-expmin 2011/09/19 v1.2 Get and compare file modification times (expandable; minimal)
)) (c:/texlive/2025/texmf-dist/tex/latex/pgf/frontendlayer/tikz.sty (c:/texlive/2025/texmf-dist/tex/latex/pgf/basiclayer/pgf.sty (c:/texlive/2025/texmf-dist/tex/latex/pgf/utilities/pgfrcs.sty (c:/texlive/2025/texmf-dist/tex/generic/pgf/utilities/pgfutil-common.tex
\pgfutil@everybye=\toks44
\pgfutil@tempdima=\dimen259
\pgfutil@tempdimb=\dimen260
) (c:/texlive/2025/texmf-dist/tex/generic/pgf/utilities/pgfutil-latex.def
\pgfutil@abb=\box64
) (c:/texlive/2025/texmf-dist/tex/generic/pgf/utilities/pgfrcs.code.tex (c:/texlive/2025/texmf-dist/tex/generic/pgf/pgf.revision.tex)
Package: pgfrcs 2025-08-29 v3.1.11a (3.1.11a)
))
Package: pgf 2025-08-29 v3.1.11a (3.1.11a)
 (c:/texlive/2025/texmf-dist/tex/latex/pgf/basiclayer/pgfcore.sty (c:/texlive/2025/texmf-dist/tex/latex/pgf/systemlayer/pgfsys.sty (c:/texlive/2025/texmf-dist/tex/generic/pgf/systemlayer/pgfsys.code.tex
Package: pgfsys 2025-08-29 v3.1.11a (3.1.11a)
 (c:/texlive/2025/texmf-dist/tex/generic/pgf/utilities/pgfkeys.code.tex
\pgfkeys@pathtoks=\toks45
\pgfkeys@temptoks=\toks46
 (c:/texlive/2025/texmf-dist/tex/generic/pgf/utilities/pgfkeyslibraryfiltered.code.tex
\pgfkeys@tmptoks=\toks47
))
\pgf@x=\dimen261
\pgf@y=\dimen262
\pgf@xa=\dimen263
\pgf@ya=\dimen264
\pgf@xb=\dimen265
\pgf@yb=\dimen266
\pgf@xc=\dimen267
\pgf@yc=\dimen268
\pgf@xd=\dimen269
\pgf@yd=\dimen270
\w@pgf@writea=\write3
\r@pgf@reada=\read3
\c@pgf@counta=\count329
\c@pgf@countb=\count330
\c@pgf@countc=\count331
\c@pgf@countd=\count332
\t@pgf@toka=\toks48
\t@pgf@tokb=\toks49
\t@pgf@tokc=\toks50
\pgf@sys@id@count=\count333
 (c:/texlive/2025/texmf-dist/tex/generic/pgf/systemlayer/pgf.cfg
File: pgf.cfg 2025-08-29 v3.1.11a (3.1.11a)
)
Driver file for pgf: pgfsys-pdftex.def
 (c:/texlive/2025/texmf-dist/tex/generic/pgf/systemlayer/pgfsys-pdftex.def
File: pgfsys-pdftex.def 2025-08-29 v3.1.11a (3.1.11a)
 (c:/texlive/2025/texmf-dist/tex/generic/pgf/systemlayer/pgfsys-common-pdf.def
File: pgfsys-common-pdf.def 2025-08-29 v3.1.11a (3.1.11a)
))) (c:/texlive/2025/texmf-dist/tex/generic/pgf/systemlayer/pgfsyssoftpath.code.tex
File: pgfsyssoftpath.code.tex 2025-08-29 v3.1.11a (3.1.11a)
\pgfsyssoftpath@smallbuffer@items=\count334
\pgfsyssoftpath@bigbuffer@items=\count335
) (c:/texlive/2025/texmf-dist/tex/generic/pgf/systemlayer/pgfsysprotocol.code.tex
File: pgfsysprotocol.code.tex 2025-08-29 v3.1.11a (3.1.11a)
)) (c:/texlive/2025/texmf-dist/tex/generic/pgf/basiclayer/pgfcore.code.tex
Package: pgfcore 2025-08-29 v3.1.11a (3.1.11a)
 (c:/texlive/2025/texmf-dist/tex/generic/pgf/math/pgfmath.code.tex (c:/texlive/2025/texmf-dist/tex/generic/pgf/math/pgfmathutil.code.tex) (c:/texlive/2025/texmf-dist/tex/generic/pgf/math/pgfmathparser.code.tex
\pgfmath@dimen=\dimen271
\pgfmath@count=\count336
\pgfmath@box=\box65
\pgfmath@toks=\toks51
\pgfmath@stack@operand=\toks52
\pgfmath@stack@operation=\toks53
) (c:/texlive/2025/texmf-dist/tex/generic/pgf/math/pgfmathfunctions.code.tex) (c:/texlive/2025/texmf-dist/tex/generic/pgf/math/pgfmathfunctions.basic.code.tex) (c:/texlive/2025/texmf-dist/tex/generic/pgf/math/pgfmathfunctions.trigonometric.code.tex) (c:/texlive/2025/texmf-dist/tex/generic/pgf/math/pgfmathfunctions.random.code.tex) (c:/texlive/2025/texmf-dist/tex/generic/pgf/math/pgfmathfunctions.comparison.code.tex) (c:/texlive/2025/texmf-dist/tex/generic/pgf/math/pgfmathfunctions.base.code.tex) (c:/texlive/2025/texmf-dist/tex/generic/pgf/math/pgfmathfunctions.round.code.tex) (c:/texlive/2025/texmf-dist/tex/generic/pgf/math/pgfmathfunctions.misc.code.tex) (c:/texlive/2025/texmf-dist/tex/generic/pgf/math/pgfmathfunctions.integerarithmetics.code.tex) (c:/texlive/2025/texmf-dist/tex/generic/pgf/math/pgfmathcalc.code.tex) (c:/texlive/2025/texmf-dist/tex/generic/pgf/math/pgfmathfloat.code.tex
\c@pgfmathroundto@lastzeros=\count337
)) (c:/texlive/2025/texmf-dist/tex/generic/pgf/math/pgfint.code.tex) (c:/texlive/2025/texmf-dist/tex/generic/pgf/basiclayer/pgfcorepoints.code.tex
File: pgfcorepoints.code.tex 2025-08-29 v3.1.11a (3.1.11a)
\pgf@picminx=\dimen272
\pgf@picmaxx=\dimen273
\pgf@picminy=\dimen274
\pgf@picmaxy=\dimen275
\pgf@pathminx=\dimen276
\pgf@pathmaxx=\dimen277
\pgf@pathminy=\dimen278
\pgf@pathmaxy=\dimen279
\pgf@xx=\dimen280
\pgf@xy=\dimen281
\pgf@yx=\dimen282
\pgf@yy=\dimen283
\pgf@zx=\dimen284
\pgf@zy=\dimen285
) (c:/texlive/2025/texmf-dist/tex/generic/pgf/basiclayer/pgfcorepathconstruct.code.tex
File: pgfcorepathconstruct.code.tex 2025-08-29 v3.1.11a (3.1.11a)
\pgf@path@lastx=\dimen286
\pgf@path@lasty=\dimen287
) (c:/texlive/2025/texmf-dist/tex/generic/pgf/basiclayer/pgfcorepathusage.code.tex
File: pgfcorepathusage.code.tex 2025-08-29 v3.1.11a (3.1.11a)
\pgf@shorten@end@additional=\dimen288
\pgf@shorten@start@additional=\dimen289
) (c:/texlive/2025/texmf-dist/tex/generic/pgf/basiclayer/pgfcorescopes.code.tex
File: pgfcorescopes.code.tex 2025-08-29 v3.1.11a (3.1.11a)
\pgfpic=\box66
\pgf@hbox=\box67
\pgf@layerbox@main=\box68
\pgf@picture@serial@count=\count338
) (c:/texlive/2025/texmf-dist/tex/generic/pgf/basiclayer/pgfcoregraphicstate.code.tex
File: pgfcoregraphicstate.code.tex 2025-08-29 v3.1.11a (3.1.11a)
\pgflinewidth=\dimen290
) (c:/texlive/2025/texmf-dist/tex/generic/pgf/basiclayer/pgfcoretransformations.code.tex
File: pgfcoretransformations.code.tex 2025-08-29 v3.1.11a (3.1.11a)
\pgf@pt@x=\dimen291
\pgf@pt@y=\dimen292
\pgf@pt@temp=\dimen293
) (c:/texlive/2025/texmf-dist/tex/generic/pgf/basiclayer/pgfcorequick.code.tex
File: pgfcorequick.code.tex 2025-08-29 v3.1.11a (3.1.11a)
) (c:/texlive/2025/texmf-dist/tex/generic/pgf/basiclayer/pgfcoreobjects.code.tex
File: pgfcoreobjects.code.tex 2025-08-29 v3.1.11a (3.1.11a)
) (c:/texlive/2025/texmf-dist/tex/generic/pgf/basiclayer/pgfcorepathprocessing.code.tex
File: pgfcorepathprocessing.code.tex 2025-08-29 v3.1.11a (3.1.11a)
) (c:/texlive/2025/texmf-dist/tex/generic/pgf/basiclayer/pgfcorearrows.code.tex
File: pgfcorearrows.code.tex 2025-08-29 v3.1.11a (3.1.11a)
\pgfarrowsep=\dimen294
) (c:/texlive/2025/texmf-dist/tex/generic/pgf/basiclayer/pgfcoreshade.code.tex
File: pgfcoreshade.code.tex 2025-08-29 v3.1.11a (3.1.11a)
\pgf@max=\dimen295
\pgf@sys@shading@range@num=\count339
\pgf@shadingcount=\count340
) (c:/texlive/2025/texmf-dist/tex/generic/pgf/basiclayer/pgfcoreimage.code.tex
File: pgfcoreimage.code.tex 2025-08-29 v3.1.11a (3.1.11a)
) (c:/texlive/2025/texmf-dist/tex/generic/pgf/basiclayer/pgfcoreexternal.code.tex
File: pgfcoreexternal.code.tex 2025-08-29 v3.1.11a (3.1.11a)
\pgfexternal@startupbox=\box69
) (c:/texlive/2025/texmf-dist/tex/generic/pgf/basiclayer/pgfcorelayers.code.tex
File: pgfcorelayers.code.tex 2025-08-29 v3.1.11a (3.1.11a)
) (c:/texlive/2025/texmf-dist/tex/generic/pgf/basiclayer/pgfcoretransparency.code.tex
File: pgfcoretransparency.code.tex 2025-08-29 v3.1.11a (3.1.11a)
) (c:/texlive/2025/texmf-dist/tex/generic/pgf/basiclayer/pgfcorepatterns.code.tex
File: pgfcorepatterns.code.tex 2025-08-29 v3.1.11a (3.1.11a)
) (c:/texlive/2025/texmf-dist/tex/generic/pgf/basiclayer/pgfcorerdf.code.tex
File: pgfcorerdf.code.tex 2025-08-29 v3.1.11a (3.1.11a)
))) (c:/texlive/2025/texmf-dist/tex/generic/pgf/modules/pgfmoduleshapes.code.tex
File: pgfmoduleshapes.code.tex 2025-08-29 v3.1.11a (3.1.11a)
\pgfnodeparttextbox=\box70
) (c:/texlive/2025/texmf-dist/tex/generic/pgf/modules/pgfmoduleplot.code.tex
File: pgfmoduleplot.code.tex 2025-08-29 v3.1.11a (3.1.11a)
) (c:/texlive/2025/texmf-dist/tex/latex/pgf/compatibility/pgfcomp-version-0-65.sty
Package: pgfcomp-version-0-65 2025-08-29 v3.1.11a (3.1.11a)
\pgf@nodesepstart=\dimen296
\pgf@nodesepend=\dimen297
) (c:/texlive/2025/texmf-dist/tex/latex/pgf/compatibility/pgfcomp-version-1-18.sty
Package: pgfcomp-version-1-18 2025-08-29 v3.1.11a (3.1.11a)
)) (c:/texlive/2025/texmf-dist/tex/latex/pgf/utilities/pgffor.sty (c:/texlive/2025/texmf-dist/tex/latex/pgf/utilities/pgfkeys.sty (c:/texlive/2025/texmf-dist/tex/generic/pgf/utilities/pgfkeys.code.tex)) (c:/texlive/2025/texmf-dist/tex/latex/pgf/math/pgfmath.sty (c:/texlive/2025/texmf-dist/tex/generic/pgf/math/pgfmath.code.tex)) (c:/texlive/2025/texmf-dist/tex/generic/pgf/utilities/pgffor.code.tex
Package: pgffor 2025-08-29 v3.1.11a (3.1.11a)
\pgffor@iter=\dimen298
\pgffor@skip=\dimen299
\pgffor@stack=\toks54
\pgffor@toks=\toks55
)) (c:/texlive/2025/texmf-dist/tex/generic/pgf/frontendlayer/tikz/tikz.code.tex
Package: tikz 2025-08-29 v3.1.11a (3.1.11a)
 (c:/texlive/2025/texmf-dist/tex/generic/pgf/libraries/pgflibraryplothandlers.code.tex
File: pgflibraryplothandlers.code.tex 2025-08-29 v3.1.11a (3.1.11a)
\pgf@plot@mark@count=\count341
\pgfplotmarksize=\dimen300
)
\tikz@lastx=\dimen301
\tikz@lasty=\dimen302
\tikz@lastxsaved=\dimen303
\tikz@lastysaved=\dimen304
\tikz@lastmovetox=\dimen305
\tikz@lastmovetoy=\dimen306
\tikzleveldistance=\dimen307
\tikzsiblingdistance=\dimen308
\tikz@figbox=\box71
\tikz@figbox@bg=\box72
\tikz@tempbox=\box73
\tikz@tempbox@bg=\box74
\tikztreelevel=\count342
\tikznumberofchildren=\count343
\tikznumberofcurrentchild=\count344
\tikz@fig@count=\count345
 (c:/texlive/2025/texmf-dist/tex/generic/pgf/modules/pgfmodulematrix.code.tex
File: pgfmodulematrix.code.tex 2025-08-29 v3.1.11a (3.1.11a)
\pgfmatrixcurrentrow=\count346
\pgfmatrixcurrentcolumn=\count347
\pgf@matrix@numberofcolumns=\count348
)
\tikz@expandcount=\count349
 (c:/texlive/2025/texmf-dist/tex/generic/pgf/frontendlayer/tikz/libraries/tikzlibrarytopaths.code.tex
File: tikzlibrarytopaths.code.tex 2025-08-29 v3.1.11a (3.1.11a)
))) (c:/texlive/2025/texmf-dist/tex/latex/pgfplots/pgfplots.sty (c:/texlive/2025/texmf-dist/tex/generic/pgfplots/pgfplots.revision.tex)
Package: pgfplots 2025/08/14 v1.18.2 Data Visualization (1.18.2)
 (c:/texlive/2025/texmf-dist/tex/generic/pgfplots/pgfplots.code.tex (c:/texlive/2025/texmf-dist/tex/generic/pgfplots/pgfplotscore.code.tex
\t@pgfplots@toka=\toks56
\t@pgfplots@tokb=\toks57
\t@pgfplots@tokc=\toks58
\pgfplots@tmpa=\dimen309
\c@pgfplots@coordindex=\count350
\c@pgfplots@scanlineindex=\count351
 (c:/texlive/2025/texmf-dist/tex/generic/pgfplots/sys/pgfplotssysgeneric.code.tex)) (c:/texlive/2025/texmf-dist/tex/generic/pgfplots/libs/pgfplotslibrary.code.tex) (c:/texlive/2025/texmf-dist/tex/generic/pgfplots/oldpgfcompatib/pgfplotsoldpgfsupp_loader.code.tex (c:/texlive/2025/texmf-dist/tex/generic/pgf/libraries/pgflibraryfpu.code.tex) (c:/texlive/2025/texmf-dist/tex/generic/pgfplots/oldpgfcompatib/pgfplotsoldpgfsupp_pgfutil-common-lists.tex)) (c:/texlive/2025/texmf-dist/tex/generic/pgfplots/util/pgfplotsutil.code.tex (c:/texlive/2025/texmf-dist/tex/generic/pgfplots/liststructure/pgfplotsliststructure.code.tex) (c:/texlive/2025/texmf-dist/tex/generic/pgfplots/liststructure/pgfplotsliststructureext.code.tex) (c:/texlive/2025/texmf-dist/tex/generic/pgfplots/liststructure/pgfplotsarray.code.tex
\c@pgfplotsarray@tmp=\count352
) (c:/texlive/2025/texmf-dist/tex/generic/pgfplots/liststructure/pgfplotsmatrix.code.tex) (c:/texlive/2025/texmf-dist/tex/generic/pgfplots/numtable/pgfplotstableshared.code.tex
\c@pgfplotstable@counta=\count353
\t@pgfplotstable@a=\toks59
) (c:/texlive/2025/texmf-dist/tex/generic/pgfplots/liststructure/pgfplotsdeque.code.tex) (c:/texlive/2025/texmf-dist/tex/generic/pgfplots/util/pgfplotsbinary.code.tex (c:/texlive/2025/texmf-dist/tex/generic/pgfplots/util/pgfplotsbinary.data.code.tex)) (c:/texlive/2025/texmf-dist/tex/generic/pgfplots/util/pgfplotsutil.verb.code.tex) (c:/texlive/2025/texmf-dist/tex/generic/pgfplots/libs/pgflibrarypgfplots.surfshading.code.tex
\c@pgfplotslibrarysurf@no=\count354
 (c:/texlive/2025/texmf-dist/tex/generic/pgfplots/sys/pgflibrarypgfplots.surfshading.pgfsys-pdftex.def))) (c:/texlive/2025/texmf-dist/tex/generic/pgfplots/util/pgfplotscolormap.code.tex (c:/texlive/2025/texmf-dist/tex/generic/pgfplots/util/pgfplotscolor.code.tex)) (c:/texlive/2025/texmf-dist/tex/generic/pgfplots/pgfplotsstackedplots.code.tex) (c:/texlive/2025/texmf-dist/tex/generic/pgfplots/pgfplotsplothandlers.code.tex (c:/texlive/2025/texmf-dist/tex/generic/pgfplots/pgfplotsmeshplothandler.code.tex (c:/texlive/2025/texmf-dist/tex/generic/pgfplots/pgfplotsmeshplotimage.code.tex))) (c:/texlive/2025/texmf-dist/tex/generic/pgfplots/pgfplots.scaling.code.tex) (c:/texlive/2025/texmf-dist/tex/generic/pgfplots/pgfplotscoordprocessing.code.tex) (c:/texlive/2025/texmf-dist/tex/generic/pgfplots/pgfplots.errorbars.code.tex) (c:/texlive/2025/texmf-dist/tex/generic/pgfplots/pgfplots.markers.code.tex) (c:/texlive/2025/texmf-dist/tex/generic/pgfplots/pgfplotsticks.code.tex) (c:/texlive/2025/texmf-dist/tex/generic/pgfplots/pgfplots.paths.code.tex) (c:/texlive/2025/texmf-dist/tex/generic/pgf/frontendlayer/tikz/libraries/tikzlibrarydecorations.code.tex (c:/texlive/2025/texmf-dist/tex/generic/pgf/modules/pgfmoduledecorations.code.tex
\pgfdecoratedcompleteddistance=\dimen310
\pgfdecoratedremainingdistance=\dimen311
\pgfdecoratedinputsegmentcompleteddistance=\dimen312
\pgfdecoratedinputsegmentremainingdistance=\dimen313
\pgf@decorate@distancetomove=\dimen314
\pgf@decorate@repeatstate=\count355
\pgfdecorationsegmentamplitude=\dimen315
\pgfdecorationsegmentlength=\dimen316
)
\tikz@lib@dec@box=\box75
) (c:/texlive/2025/texmf-dist/tex/generic/pgf/frontendlayer/tikz/libraries/tikzlibrarydecorations.pathmorphing.code.tex (c:/texlive/2025/texmf-dist/tex/generic/pgf/libraries/decorations/pgflibrarydecorations.pathmorphing.code.tex)) (c:/texlive/2025/texmf-dist/tex/generic/pgf/frontendlayer/tikz/libraries/tikzlibrarydecorations.pathreplacing.code.tex (c:/texlive/2025/texmf-dist/tex/generic/pgf/libraries/decorations/pgflibrarydecorations.pathreplacing.code.tex)) (c:/texlive/2025/texmf-dist/tex/generic/pgfplots/libs/tikzlibrarypgfplots.contourlua.code.tex)
\pgfplots@numplots=\count356
\pgfplots@xmin@reg=\dimen317
\pgfplots@xmax@reg=\dimen318
\pgfplots@ymin@reg=\dimen319
\pgfplots@ymax@reg=\dimen320
\pgfplots@zmin@reg=\dimen321
\pgfplots@zmax@reg=\dimen322
) (c:/texlive/2025/texmf-dist/tex/generic/pgf/frontendlayer/tikz/libraries/tikzlibraryplotmarks.code.tex
File: tikzlibraryplotmarks.code.tex 2025-08-29 v3.1.11a (3.1.11a)
 (c:/texlive/2025/texmf-dist/tex/generic/pgf/libraries/pgflibraryplotmarks.code.tex
File: pgflibraryplotmarks.code.tex 2025-08-29 v3.1.11a (3.1.11a)
))) (c:/texlive/2025/texmf-dist/tex/generic/pgf/frontendlayer/tikz/libraries/tikzlibraryshapes.misc.code.tex
File: tikzlibraryshapes.misc.code.tex 2025-08-29 v3.1.11a (3.1.11a)
 (c:/texlive/2025/texmf-dist/tex/generic/pgf/libraries/shapes/pgflibraryshapes.misc.code.tex
File: pgflibraryshapes.misc.code.tex 2025-08-29 v3.1.11a (3.1.11a)
)) (c:/texlive/2025/texmf-dist/tex/latex/mdframed/mdframed.sty
Package: mdframed 2013/07/01 1.9b: mdframed
 (c:/texlive/2025/texmf-dist/tex/latex/l3packages/xparse/xparse.sty (c:/texlive/2025/texmf-dist/tex/latex/l3kernel/expl3.sty
Package: expl3 2026-01-19 L3 programming layer (loader) 
 (c:/texlive/2025/texmf-dist/tex/latex/l3backend/l3backend-pdftex.def
File: l3backend-pdftex.def 2025-10-09 L3 backend support: PDF output (pdfTeX)
\l__color_backend_stack_int=\count357
))
Package: xparse 2025-10-09 L3 Experimental document command parser
) (c:/texlive/2025/texmf-dist/tex/latex/zref/zref-abspage.sty
Package: zref-abspage 2025-06-08 v2.36 Module abspage for zref (HO)
 (c:/texlive/2025/texmf-dist/tex/latex/zref/zref-base.sty
Package: zref-base 2025-06-08 v2.36 Module base for zref (HO)
 (c:/texlive/2025/texmf-dist/tex/generic/infwarerr/infwarerr.sty
Package: infwarerr 2019/12/03 v1.5 Providing info/warning/error messages (HO)
) (c:/texlive/2025/texmf-dist/tex/generic/kvdefinekeys/kvdefinekeys.sty
Package: kvdefinekeys 2019-12-19 v1.6 Define keys (HO)
) (c:/texlive/2025/texmf-dist/tex/generic/pdftexcmds/pdftexcmds.sty
Package: pdftexcmds 2020-06-27 v0.33 Utility functions of pdfTeX for LuaTeX (HO)
Package pdftexcmds Info: \pdf@primitive is available.
Package pdftexcmds Info: \pdf@ifprimitive is available.
Package pdftexcmds Info: \pdfdraftmode found.
) (c:/texlive/2025/texmf-dist/tex/generic/etexcmds/etexcmds.sty
Package: etexcmds 2019/12/15 v1.7 Avoid name clashes with e-TeX commands (HO)
) (c:/texlive/2025/texmf-dist/tex/latex/auxhook/auxhook.sty
Package: auxhook 2019-12-17 v1.6 Hooks for auxiliary files (HO)
)
Package zref Info: New property list: main on input line 767.
Package zref Info: New property: default on input line 768.
Package zref Info: New property: page on input line 769.
)
\c@abspage=\count358
Package zref Info: New property: abspage on input line 67.
) (c:/texlive/2025/texmf-dist/tex/latex/needspace/needspace.sty
Package: needspace 2025/03/13 v1.3e reserve vertical space
)
\mdf@templength=\skip70
\c@mdf@globalstyle@cnt=\count359
\mdf@skipabove@length=\skip71
\mdf@skipbelow@length=\skip72
\mdf@leftmargin@length=\skip73
\mdf@rightmargin@length=\skip74
\mdf@innerleftmargin@length=\skip75
\mdf@innerrightmargin@length=\skip76
\mdf@innertopmargin@length=\skip77
\mdf@innerbottommargin@length=\skip78
\mdf@splittopskip@length=\skip79
\mdf@splitbottomskip@length=\skip80
\mdf@outermargin@length=\skip81
\mdf@innermargin@length=\skip82
\mdf@linewidth@length=\skip83
\mdf@innerlinewidth@length=\skip84
\mdf@middlelinewidth@length=\skip85
\mdf@outerlinewidth@length=\skip86
\mdf@roundcorner@length=\skip87
\mdf@footenotedistance@length=\skip88
\mdf@userdefinedwidth@length=\skip89
\mdf@needspace@length=\skip90
\mdf@frametitleaboveskip@length=\skip91
\mdf@frametitlebelowskip@length=\skip92
\mdf@frametitlerulewidth@length=\skip93
\mdf@frametitleleftmargin@length=\skip94
\mdf@frametitlerightmargin@length=\skip95
\mdf@shadowsize@length=\skip96
\mdf@extratopheight@length=\skip97
\mdf@subtitleabovelinewidth@length=\skip98
\mdf@subtitlebelowlinewidth@length=\skip99
\mdf@subtitleaboveskip@length=\skip100
\mdf@subtitlebelowskip@length=\skip101
\mdf@subtitleinneraboveskip@length=\skip102
\mdf@subtitleinnerbelowskip@length=\skip103
\mdf@subsubtitleabovelinewidth@length=\skip104
\mdf@subsubtitlebelowlinewidth@length=\skip105
\mdf@subsubtitleaboveskip@length=\skip106
\mdf@subsubtitlebelowskip@length=\skip107
\mdf@subsubtitleinneraboveskip@length=\skip108
\mdf@subsubtitleinnerbelowskip@length=\skip109
 (c:/texlive/2025/texmf-dist/tex/latex/mdframed/md-frame-1.mdf
File: md-frame-1.mdf 2013/07/01\ 1.9b: md-frame-1
)
\mdf@frametitlebox=\box76
\mdf@footnotebox=\box77
\mdf@splitbox@one=\box78
\mdf@splitbox@two=\box79
\mdf@splitbox@save=\box80
\mdfsplitboxwidth=\skip110
\mdfsplitboxtotalwidth=\skip111
\mdfsplitboxheight=\skip112
\mdfsplitboxdepth=\skip113
\mdfsplitboxtotalheight=\skip114
\mdfframetitleboxwidth=\skip115
\mdfframetitleboxtotalwidth=\skip116
\mdfframetitleboxheight=\skip117
\mdfframetitleboxdepth=\skip118
\mdfframetitleboxtotalheight=\skip119
\mdffootnoteboxwidth=\skip120
\mdffootnoteboxtotalwidth=\skip121
\mdffootnoteboxheight=\skip122
\mdffootnoteboxdepth=\skip123
\mdffootnoteboxtotalheight=\skip124
\mdftotallinewidth=\skip125
\mdfboundingboxwidth=\skip126
\mdfboundingboxtotalwidth=\skip127
\mdfboundingboxheight=\skip128
\mdfboundingboxdepth=\skip129
\mdfboundingboxtotalheight=\skip130
\mdf@freevspace@length=\skip131
\mdf@horizontalwidthofbox@length=\skip132
\mdf@verticalmarginwhole@length=\skip133
\mdf@horizontalspaceofbox=\skip134
\mdfsubtitleheight=\skip135
\mdfsubsubtitleheight=\skip136
\c@mdfcountframes=\count360

****** mdframed patching \endmdf@trivlist

****** -- success******

\mdf@envdepth=\count361
\c@mdf@env@i=\count362
\c@mdf@env@ii=\count363
\c@mdf@zref@counter=\count364
Package zref Info: New property: mdf@pagevalue on input line 895.
) (c:/texlive/2025/texmf-dist/tex/latex/beamer/multimedia.sty
Package: multimedia 2012/05/02 ver 0.02
 (c:/texlive/2025/texmf-dist/tex/generic/iftex/ifpdf.sty
Package: ifpdf 2019/10/25 v3.4 ifpdf legacy package. Use iftex instead.
)
\mm@movie=\count365
) (c:/texlive/2025/texmf-dist/tex/latex/media9/media9.sty
Package: media9 2025/06/24 v1.30 acrobat-9/X compatible media
\g_mix_pkgresizeflag_int=\count366
 (c:/texlive/2025/texmf-dist/tex/latex/media9/pdfbase.sty
Package: pdfbase 2024/09/16 v0.59 driver independent access to low-level PDF features
\g_pbs_page_int=\count367
\g_pbs_oc_int=\count368
) (c:/texlive/2025/texmf-dist/tex/latex/ocgx2/ocgbase.sty
Package: ocgbase 2024/09/15 v0.24 support package for ocgx2.sty
)
\l_mix_poster_box=\box81
\g_mix_wd_dim=\dimen323
\g_mix_ht_dim=\dimen324
\g_mix_dp_dim=\dimen325
\g_mix_rmcnt_int=\count369
\l_mix_viewcnt_int=\count370
\g@mix@page@int=\count371
\g_mix_resizeflag_int=\count372
\l_mix_lineno_int=\count373
\l_mix_pbtn_box=\box82
\g_mix_mbtncnt_int=\count374
\mix@btn@dim=\dimen326
)
(c:/texlive/2025/texmf-dist/tex/latex/caption/subcaption.sty
Package: subcaption 2023/07/28 v1.6b Sub-captions (AR)
 (c:/texlive/2025/texmf-dist/tex/latex/caption/caption.sty
Package: caption 2023/08/05 v3.6o Customizing captions (AR)
 (c:/texlive/2025/texmf-dist/tex/latex/caption/caption3.sty
Package: caption3 2023/07/31 v2.4d caption3 kernel (AR)
\caption@tempdima=\dimen327
\captionmargin=\dimen328
\caption@leftmargin=\dimen329
\caption@rightmargin=\dimen330
\caption@width=\dimen331
\caption@indent=\dimen332
\caption@parindent=\dimen333
\caption@hangindent=\dimen334
Package caption Info: Standard document class detected.
Package caption Info: french babel package is loaded.
)
\c@caption@flags=\count375
\c@continuedfloat=\count376
Package caption Info: wrapfig package is loaded.
)
Package caption Info: New subtype `subfigure' on input line 238.
\c@subfigure=\count377
Package caption Info: New subtype `subtable' on input line 238.
\c@subtable=\count378
) (c:/texlive/2025/texmf-dist/tex/latex/float/float.sty
Package: float 2001/11/08 v1.3d Float enhancements (AL)
\c@float@type=\count379
\float@exts=\toks60
\float@box=\box83
\@float@everytoks=\toks61
\@floatcapt=\box84
) (c:/texlive/2025/texmf-dist/tex/latex/tcolorbox/tcolorbox.sty
Package: tcolorbox 2025/11/28 version 6.9.0 text color boxes
 (c:/texlive/2025/texmf-dist/tex/latex/tools/verbatim.sty
Package: verbatim 2024-01-22 v1.5x LaTeX2e package for verbatim enhancements
\every@verbatim=\toks62
\verbatim@line=\toks63
\verbatim@in@stream=\read4
) (c:/texlive/2025/texmf-dist/tex/latex/environ/environ.sty
Package: environ 2014/05/04 v0.3 A new way to define environments
 (c:/texlive/2025/texmf-dist/tex/latex/trimspaces/trimspaces.sty
Package: trimspaces 2009/09/17 v1.1 Trim spaces around a token list
))
\tcb@titlebox=\box85
\tcb@upperbox=\box86
\tcb@lowerbox=\box87
\tcb@phantombox=\box88
\c@tcbbreakpart=\count380
\c@tcblayer=\count381
\c@tcolorbox@number=\count382
\l__tcobox_tmpa_box=\box89
\l__tcobox_tmpa_dim=\dimen335
\tcb@temp=\box90
\tcb@temp=\box91
\tcb@temp=\box92
\tcb@temp=\box93
 (c:/texlive/2025/texmf-dist/tex/latex/tcolorbox/tcbraster.code.tex
Library (tcolorbox): 'tcbraster.code.tex' version '6.9.0'
\c@tcbrastercolumn=\count383
\c@tcbrasterrow=\count384
\c@tcbrasternum=\count385
\c@tcbraster=\count386
) (c:/texlive/2025/texmf-dist/tex/latex/tcolorbox/tcbskins.code.tex
Library (tcolorbox): 'tcbskins.code.tex' version '6.9.0'
(c:/texlive/2025/texmf-dist/tex/latex/tikzfill/tikzfill.image.sty
Package: tikzfill.image 2023/08/08 v1.0.1 Image filling library for TikZ
 (c:/texlive/2025/texmf-dist/tex/latex/tikzfill/tikzfill-common.sty
Package: tikzfill-common 2023/08/08 v1.0.1 Auxiliary code for tikzfill
) (c:/texlive/2025/texmf-dist/tex/latex/tikzfill/tikzlibraryfill.image.code.tex
File: tikzlibraryfill.image.code.tex 2023/08/08 v1.0.1 Image filling library
\l__tikzfill_img_box=\box94
)) (c:/texlive/2025/texmf-dist/tex/latex/tcolorbox/tcbskinsjigsaw.code.tex
Library (tcolorbox): 'tcbskinsjigsaw.code.tex' version '6.9.0'
)) (c:/texlive/2025/texmf-dist/tex/latex/tcolorbox/tcbbreakable.code.tex
Library (tcolorbox): 'tcbbreakable.code.tex' version '6.9.0'
(c:/texlive/2025/texmf-dist/tex/latex/pdfcol/pdfcol.sty
Package: pdfcol 2022-09-21 v1.7 Handle new color stacks for pdfTeX (HO)
)
Package pdfcol Info: New color stack `tcb@breakable' = 1 on input line 23.
\tcb@testbox=\box95
\tcb@totalupperbox=\box96
\tcb@totallowerbox=\box97
) (c:/texlive/2025/texmf-dist/tex/latex/tcolorbox/tcbhooks.code.tex
Library (tcolorbox): 'tcbhooks.code.tex' version '6.9.0'
) (c:/texlive/2025/texmf-dist/tex/latex/tcolorbox/tcbtheorems.code.tex
Library (tcolorbox): 'tcbtheorems.code.tex' version '6.9.0'
) (c:/texlive/2025/texmf-dist/tex/latex/tcolorbox/tcbfitting.code.tex
Library (tcolorbox): 'tcbfitting.code.tex' version '6.9.0'
\tcbfitdim=\dimen336
\tcb@lowerfitdim=\dimen337
\tcb@upperfitdim=\dimen338
\tcb@cur@hbadness=\count387
) (c:/texlive/2025/texmf-dist/tex/latex/tcolorbox/tcblistingsutf8.code.tex
Library (tcolorbox): 'tcblistingsutf8.code.tex' version '6.9.0'
(c:/texlive/2025/texmf-dist/tex/latex/tcolorbox/tcblistings.code.tex
Library (tcolorbox): 'tcblistings.code.tex' version '6.9.0'
(c:/texlive/2025/texmf-dist/tex/latex/listings/listings.sty
\lst@mode=\count388
\lst@gtempboxa=\box98
\lst@token=\toks64
\lst@length=\count389
\lst@currlwidth=\dimen339
\lst@column=\count390
\lst@pos=\count391
\lst@lostspace=\dimen340
\lst@width=\dimen341
\lst@newlines=\count392
\lst@lineno=\count393
\lst@maxwidth=\dimen342
 (c:/texlive/2025/texmf-dist/tex/latex/listings/lstpatch.sty
File: lstpatch.sty 2025/11/14 1.11b (Carsten Heinz)
) (c:/texlive/2025/texmf-dist/tex/latex/listings/lstmisc.sty
File: lstmisc.sty 2025/11/14 1.11b (Carsten Heinz)
\c@lstnumber=\count394
\lst@skipnumbers=\count395
\lst@framebox=\box99
) (c:/texlive/2025/texmf-dist/tex/latex/listings/listings.cfg
File: listings.cfg 2025/11/14 1.11b listings configuration
))
Package: listings 2025/11/14 1.11b (Carsten Heinz)

==> First Aid for listings.sty no longer applied!
    Expected:
        2024/09/23 1.10c (Carsten Heinz)
    but found:
        2025/11/14 1.11b (Carsten Heinz)
    so I'm assuming it got fixed.
(c:/texlive/2025/texmf-dist/tex/latex/tcolorbox/tcblistingscore.code.tex
Library (tcolorbox): 'tcblistingscore.code.tex' version '6.9.0'
(c:/texlive/2025/texmf-dist/tex/latex/tcolorbox/tcbprocessing.code.tex
Library (tcolorbox): 'tcbprocessing.code.tex' version '6.9.0'
)
\c@tcblisting=\count396
)) (c:/texlive/2025/texmf-dist/tex/latex/listingsutf8/listingsutf8.sty
Package: listingsutf8 2019-12-10 v1.5 Allow UTF-8 in listings input (HO)
 (c:/texlive/2025/texmf-dist/tex/generic/stringenc/stringenc.sty
Package: stringenc 2019/11/29 v1.12 Convert strings between diff. encodings (HO)
 (c:/texlive/2025/texmf-dist/tex/generic/pdfescape/pdfescape.sty
Package: pdfescape 2019/12/09 v1.15 Implements pdfTeX's escape features (HO)
)))) (c:/texlive/2025/texmf-dist/tex/latex/tcolorbox/tcbexternal.code.tex
Library (tcolorbox): 'tcbexternal.code.tex' version '6.9.0'
) (c:/texlive/2025/texmf-dist/tex/latex/tcolorbox/tcbmagazine.code.tex
Library (tcolorbox): 'tcbmagazine.code.tex' version '6.9.0'
) (c:/texlive/2025/texmf-dist/tex/latex/tcolorbox/tcbvignette.code.tex
Library (tcolorbox): 'tcbvignette.code.tex' version '6.9.0'
(c:/texlive/2025/texmf-dist/tex/generic/pgf/frontendlayer/tikz/libraries/tikzlibraryfadings.code.tex
File: tikzlibraryfadings.code.tex 2025-08-29 v3.1.11a (3.1.11a)
 (c:/texlive/2025/texmf-dist/tex/generic/pgf/libraries/pgflibraryfadings.code.tex
File: pgflibraryfadings.code.tex 2025-08-29 v3.1.11a (3.1.11a)
))) (c:/texlive/2025/texmf-dist/tex/latex/tcolorbox/tcbposter.code.tex
Library (tcolorbox): 'tcbposter.code.tex' version '6.9.0'
)) (c:/texlive/2025/texmf-dist/tex/latex/tools/enumerate.sty
Package: enumerate 2023/07/04 v3.00 enumerate extensions (DPC)
\@enLab=\toks65
) (c:/texlive/2025/texmf-dist/tex/generic/pgf/frontendlayer/tikz/libraries/tikzlibrarycalc.code.tex
File: tikzlibrarycalc.code.tex 2025-08-29 v3.1.11a (3.1.11a)
) (c:/texlive/2025/texmf-dist/tex/latex/geometry/geometry.sty
Package: geometry 2020/01/02 v5.9 Page Geometry
 (c:/texlive/2025/texmf-dist/tex/generic/iftex/ifvtex.sty
Package: ifvtex 2019/10/25 v1.7 ifvtex legacy package. Use iftex instead.
)
\Gm@cnth=\count397
\Gm@cntv=\count398
\c@Gm@tempcnt=\count399
\Gm@bindingoffset=\dimen343
\Gm@wd@mp=\dimen344
\Gm@odd@mp=\dimen345
\Gm@even@mp=\dimen346
\Gm@layoutwidth=\dimen347
\Gm@layoutheight=\dimen348
\Gm@layouthoffset=\dimen349
\Gm@layoutvoffset=\dimen350
\Gm@dimlist=\toks66
)

Package geometry Warning: Over-specification in `h'-direction.
    `width' (483.69684pt) is ignored.


Package geometry Warning: Over-specification in `v'-direction.
    `height' (731.23582pt) is ignored.

(c:/texlive/2025/texmf-dist/tex/latex/setspace/setspace.sty
Package: setspace 2022/12/04 v6.7b set line spacing
)) (../LateX/macros_math_fr.tex
\c@thm=\count400
\c@exo=\count401
)
Package french3.ldf Info: Setting StandardEnumerateEnv=true for
(french3.ldf)             compatibility with enumerate package,
(french3.ldf)             reported on input line 5.
 (./coniques.aux
Package babel Info: 'french' activates 'french' shorthands.
(babel)             Reported on input line 13.


LaTeX Warning: Label `eq:ParaRed1' multiply defined.

)
\openout1 = `coniques.aux'.

LaTeX Font Info:    Checking defaults for OML/cmm/m/it on input line 5.
LaTeX Font Info:    ... okay on input line 5.
LaTeX Font Info:    Checking defaults for OMS/cmsy/m/n on input line 5.
LaTeX Font Info:    ... okay on input line 5.
LaTeX Font Info:    Checking defaults for OT1/cmr/m/n on input line 5.
LaTeX Font Info:    ... okay on input line 5.
LaTeX Font Info:    Checking defaults for T1/cmr/m/n on input line 5.
LaTeX Font Info:    ... okay on input line 5.
LaTeX Font Info:    Checking defaults for TS1/cmr/m/n on input line 5.
LaTeX Font Info:    ... okay on input line 5.
LaTeX Font Info:    Checking defaults for OMX/cmex/m/n on input line 5.
LaTeX Font Info:    ... okay on input line 5.
LaTeX Font Info:    Checking defaults for U/cmr/m/n on input line 5.
LaTeX Font Info:    ... okay on input line 5.
LaTeX Info: Redefining \degres on input line 5.
 (c:/texlive/2025/texmf-dist/tex/context/base/mkii/supp-pdf.mkii
[Loading MPS to PDF converter (version 2006.09.02).]
\scratchcounter=\count402
\scratchdimen=\dimen351
\scratchbox=\box100
\nofMPsegments=\count403
\nofMParguments=\count404
\everyMPshowfont=\toks67
\MPscratchCnt=\count405
\MPscratchDim=\dimen352
\MPnumerator=\count406
\makeMPintoPDFobject=\count407
\everyMPtoPDFconversion=\toks68
) (c:/texlive/2025/texmf-dist/tex/latex/epstopdf-pkg/epstopdf-base.sty
Package: epstopdf-base 2020-01-24 v2.11 Base part for package epstopdf
Package epstopdf-base Info: Redefining graphics rule for `.eps' on input line 485.
 (c:/texlive/2025/texmf-dist/tex/latex/latexconfig/epstopdf-sys.cfg
File: epstopdf-sys.cfg 2010/07/13 v1.3 Configuration of (r)epstopdf for TeX Live
)) (c:/texlive/2025/texmf-dist/tex/latex/pdflscape/pdflscape.sty
Package: pdflscape 2025-06-23 v0.14 Display of landscape pages in PDF
 (c:/texlive/2025/texmf-dist/tex/latex/pdflscape/pdflscape-nometadata.sty
Package: pdflscape-nometadata 2025-06-23 v0.14 Display of landscape pages in PDF (HO)
 (c:/texlive/2025/texmf-dist/tex/latex/graphics/lscape.sty
Package: lscape 2020/05/28 v3.02 Landscape Pages (DPC)
)
Package pdflscape Info: Auto-detected driver: pdftex on input line 81.
))
Package pgfplots notification 'compat/show suggested version=true': document has been generated with the most recent feature set (\pgfplotsset{compat=1.18}).

Package caption Info: Begin \AtBeginDocument code.
Package caption Info: float package is loaded.
Package caption Info: listings package is loaded.
Package caption Info: End \AtBeginDocument code.
\c@lstlisting=\count408
*geometry* driver: auto-detecting
*geometry* detected driver: pdftex
*geometry* verbose mode - [ preamble ] result:
* driver: pdftex
* paper: a4paper
* layout: <same size as paper>
* layoutoffset:(h,v)=(0.0pt,0.0pt)
* modes: 
* h-part:(L,W,R)=(56.9055pt, 483.69687pt, 56.9055pt)
* v-part:(T,H,B)=(56.9055pt, 731.23584pt, 56.9055pt)
* \paperwidth=597.50787pt
* \paperheight=845.04684pt
* \textwidth=483.69687pt
* \textheight=731.23584pt
* \oddsidemargin=-15.36449pt
* \evensidemargin=-15.36449pt
* \topmargin=-52.36449pt
* \headheight=12.0pt
* \headsep=25.0pt
* \topskip=12.0pt
* \footskip=30.0pt
* \marginparwidth=44.0pt
* \marginparsep=10.0pt
* \columnsep=10.0pt
* \skip\footins=10.8pt plus 4.0pt minus 2.0pt
* \hoffset=0.0pt
* \voffset=0.0pt
* \mag=1000
* \@twocolumnfalse
* \@twosidefalse
* \@mparswitchfalse
* \@reversemarginfalse
* (1in=72.27pt=25.4mm, 1cm=28.453pt)

(./sections/titlepage.tex
LaTeX Font Info:    Font shape `T1/cmbr/b/n' in size <24.88> not available
(Font)              Font shape `T1/cmbr/bx/n' tried instead on input line 5.
LaTeX Font Info:    Font shape `T1/cmbr/b/n' in size <17.28> not available
(Font)              Font shape `T1/cmbr/bx/n' tried instead on input line 9.
LaTeX Font Info:    Font shape `T1/cmbr/b/n' in size <14.4> not available
(Font)              Font shape `T1/cmbr/bx/n' tried instead on input line 15.
 [1

{c:/texlive/2025/texmf-var/fonts/map/pdftex/updmap/pdftex.map}{c:/texlive/2025/texmf-dist/fonts/enc/dvips/cm-super/cm-super-t1.enc}] [1]) (./sections/intro3d.tex
LaTeX Font Info:    Font shape `T1/cmbr/b/n' in size <12> not available
(Font)              Font shape `T1/cmbr/bx/n' tried instead on input line 4.
 [1]

LaTeX Font Warning: Font shape `T1/cmbr/m/sc' undefined
(Font)              using `T1/cmbr/m/n' instead on input line 37.

<./images/icon/roue.PNG, id=59, 113.82526pt x 105.39375pt>
File: ./images/icon/roue.PNG Graphic file (type png)
<use ./images/icon/roue.PNG>
Package pdftex.def Info: ./images/icon/roue.PNG  used on input line 37.
(pdftex.def)             Requested size: 24.4789pt x 22.66669pt.
LaTeX Font Info:    Trying to load font information for OML+cmbrm on input line 37.
(c:/texlive/2025/texmf-dist/tex/latex/cmbright/omlcmbrm.fd
File: omlcmbrm.fd 2005/04/13 v8.1 (WaS)
)
LaTeX Font Info:    Trying to load font information for OMS+cmbrs on input line 37.
 (c:/texlive/2025/texmf-dist/tex/latex/cmbright/omscmbrs.fd
File: omscmbrs.fd 2005/04/13 v8.1 (WaS)
)
LaTeX Font Info:    Trying to load font information for U+rsfs on input line 37.
 (c:/texlive/2025/texmf-dist/tex/latex/jknapltx/ursfs.fd
File: ursfs.fd 1998/03/24 rsfs font definition file (jk)
)
File: ./images/icon/roue.PNG Graphic file (type png)
<use ./images/icon/roue.PNG>
Package pdftex.def Info: ./images/icon/roue.PNG  used on input line 37.
(pdftex.def)             Requested size: 24.4789pt x 22.66669pt.
<./images/3d/cone_ellipse.PNG, id=61, 739.563pt x 598.03426pt>
File: ./images/3d/cone_ellipse.PNG Graphic file (type png)
<use ./images/3d/cone_ellipse.PNG>
Package pdftex.def Info: ./images/3d/cone_ellipse.PNG  used on input line 39.
(pdftex.def)             Requested size: 175.93016pt x 142.26378pt.
<./images/3d/cone_parabole.PNG, id=62, 540.8205pt x 647.41875pt>
File: ./images/3d/cone_parabole.PNG Graphic file (type png)
<use ./images/3d/cone_parabole.PNG>
Package pdftex.def Info: ./images/3d/cone_parabole.PNG  used on input line 40.
(pdftex.def)             Requested size: 128.34717pt x 153.6447pt.
<./images/3d/cone_hyperbole.PNG, id=63, 489.62926pt x 655.85025pt>
File: ./images/3d/cone_hyperbole.PNG Graphic file (type png)
<use ./images/3d/cone_hyperbole.PNG>
Package pdftex.def Info: ./images/3d/cone_hyperbole.PNG  used on input line 42.
(pdftex.def)             Requested size: 114.70427pt x 153.6447pt.
<./images/3d/cone_point_1.PNG, id=64, 761.84625pt x 543.83176pt>
File: ./images/3d/cone_point_1.PNG Graphic file (type png)
<use ./images/3d/cone_point_1.PNG>
Package pdftex.def Info: ./images/3d/cone_point_1.PNG  used on input line 53.
(pdftex.def)             Requested size: 199.29596pt x 142.26378pt.
<./images/3d/cone_droite_1.PNG, id=65, 498.06075pt x 628.749pt>
File: ./images/3d/cone_droite_1.PNG Graphic file (type png)
<use ./images/3d/cone_droite_1.PNG>
Package pdftex.def Info: ./images/3d/cone_droite_1.PNG  used on input line 54.
(pdftex.def)             Requested size: 117.19627pt x 147.95424pt.
<./images/3d/cone_2droites_1.PNG, id=66, 342.68025pt x 578.16pt>
File: ./images/3d/cone_2droites_1.PNG Graphic file (type png)
<use ./images/3d/cone_2droites_1.PNG>
Package pdftex.def Info: ./images/3d/cone_2droites_1.PNG  used on input line 56.
(pdftex.def)             Requested size: 96.12236pt x 162.18062pt.
LaTeX Font Info:    Trying to load font information for T1+cmtl on input line 61.
 (c:/texlive/2025/texmf-dist/tex/latex/cmbright/t1cmtl.fd
File: t1cmtl.fd 2005/04/13 v8.1 (WaS)
) [2 <./images/icon/roue.PNG> <./images/3d/cone_ellipse.PNG> <./images/3d/cone_parabole.PNG> <./images/3d/cone_hyperbole.PNG> <./images/3d/cone_point_1.PNG> <./images/3d/cone_droite_1.PNG> <./images/3d/cone_2droites_1.PNG>]
<./images/icon/video.PNG, id=80, 98.16675pt x 90.93974pt>
File: ./images/icon/video.PNG Graphic file (type png)
<use ./images/icon/video.PNG>
Package pdftex.def Info: ./images/icon/video.PNG  used on input line 70.
(pdftex.def)             Requested size: 24.46672pt x 22.66669pt.
<./images/applications/sedna_nb.PNG, id=81, 578.16pt x 345.08925pt>
File: ./images/applications/sedna_nb.PNG Graphic file (type png)
<use ./images/applications/sedna_nb.PNG>
Package pdftex.def Info: ./images/applications/sedna_nb.PNG  used on input line 72.
(pdftex.def)             Requested size: 142.26378pt x 84.91356pt.
File: ./images/icon/video.PNG Graphic file (type png)
<use ./images/icon/video.PNG>
Package pdftex.def Info: ./images/icon/video.PNG  used on input line 75.
(pdftex.def)             Requested size: 24.46672pt x 22.66669pt.
<./images/applications/ison_nb.PNG, id=82, 1081.03876pt x 470.9595pt>
File: ./images/applications/ison_nb.PNG Graphic file (type png)
<use ./images/applications/ison_nb.PNG>
Package pdftex.def Info: ./images/applications/ison_nb.PNG  used on input line 77.
(pdftex.def)             Requested size: 199.16928pt x 86.76683pt.
 [3 <./images/icon/video.PNG> <./images/applications/sedna_nb.PNG> <./images/applications/ison_nb.PNG>]
<./images/applications/antenne_redu_nb.jpg, id=90, 963.6pt x 542.025pt>
File: ./images/applications/antenne_redu_nb.jpg Graphic file (type jpg)
<use ./images/applications/antenne_redu_nb.jpg>
Package pdftex.def Info: ./images/applications/antenne_redu_nb.jpg  used on input line 88.
(pdftex.def)             Requested size: 193.47578pt x 108.82487pt.
<./images/applications/four_parkent_nb.jpg, id=91, 835.62187pt x 414.04688pt>
File: ./images/applications/four_parkent_nb.jpg Graphic file (type jpg)
<use ./images/applications/four_parkent_nb.jpg>
Package pdftex.def Info: ./images/applications/four_parkent_nb.jpg  used on input line 93.
(pdftex.def)             Requested size: 193.47578pt x 95.86687pt.
<./images/applications/parabole_tv.jpg, id=92, 3057.4225pt x 3443.86626pt>
File: ./images/applications/parabole_tv.jpg Graphic file (type jpg)
<use ./images/applications/parabole_tv.jpg>
Package pdftex.def Info: ./images/applications/parabole_tv.jpg  used on input line 98.
(pdftex.def)             Requested size: 145.11053pt x 163.4277pt.
<./images/applications/four_odeillo_nb.jpg, id=93, 647.41875pt x 644.4075pt>
File: ./images/applications/four_odeillo_nb.jpg Graphic file (type jpg)
<use ./images/applications/four_odeillo_nb.jpg>
Package pdftex.def Info: ./images/applications/four_odeillo_nb.jpg  used on input line 103.
(pdftex.def)             Requested size: 145.11053pt x 144.43478pt.

Underfull \hbox (badness 3623) in paragraph at lines 104--104
[]\T1/cmbr/m/n/10.95 (d) |Four so-laire ŕ Odeillo,
 []

<./images/applications/four_sol_nb.jpg, id=94, 578.16pt x 433.62pt>
File: ./images/applications/four_sol_nb.jpg Graphic file (type jpg)
<use ./images/applications/four_sol_nb.jpg>
Package pdftex.def Info: ./images/applications/four_sol_nb.jpg  used on input line 108.
(pdftex.def)             Requested size: 193.47578pt x 145.10646pt.

Underfull \hbox (badness 10000) in paragraph at lines 112--112
[][][]\T1/cmbr/m/n/10 .[]ESA, $\T1/cmtl/m/n/10 https : / / www . esa . int / Space _ in _ Member _ States / Belgium _ -[] _ Francais / La _ grande _ antenne _
 []


Underfull \hbox (badness 10000) in paragraph at lines 114--114
[][][]\T1/cmbr/m/n/10 .[]PROMES CNRS, $\T1/cmtl/m/n/10 https : / / www . promes . cnrs . fr / infrastructures-[]solaires /
 []


Underfull \hbox (badness 10000) in paragraph at lines 115--115
[][][]\T1/cmbr/m/n/10 .[]Atelier du ze-phyr, $\T1/cmtl/m/n/10 https : / / atelierduzephyr . org / auto-[]construction / cuisiner /
 []

[4 <./images/applications/antenne_redu_nb.jpg> <./images/applications/four_parkent_nb.jpg> <./images/applications/parabole_tv.jpg> <./images/applications/four_odeillo_nb.jpg> <./images/applications/four_sol_nb.jpg>]
<./images/applications/zeiss_lamp_nb.PNG, id=99, 435.42674pt x 212.59425pt>
File: ./images/applications/zeiss_lamp_nb.PNG Graphic file (type png)
<use ./images/applications/zeiss_lamp_nb.PNG>
Package pdftex.def Info: ./images/applications/zeiss_lamp_nb.PNG  used on input line 121.
(pdftex.def)             Requested size: 193.47578pt x 94.46303pt.
<./images/applications/zeis_1_nb.PNG, id=100, 443.256pt x 288.47775pt>
File: ./images/applications/zeis_1_nb.PNG Graphic file (type png)
<use ./images/applications/zeis_1_nb.PNG>
Package pdftex.def Info: ./images/applications/zeis_1_nb.PNG  used on input line 126.
(pdftex.def)             Requested size: 193.47578pt x 125.91818pt.
<./images/applications/kbmirror_nb.PNG, id=101, 598.03426pt x 395.076pt>
File: ./images/applications/kbmirror_nb.PNG Graphic file (type png)
<use ./images/applications/kbmirror_nb.PNG>
Package pdftex.def Info: ./images/applications/kbmirror_nb.PNG  used on input line 131.
(pdftex.def)             Requested size: 193.47578pt x 127.81342pt.
<./images/applications/cassegrain_nb.png, id=102, 2890.8pt x 888.31876pt>
File: ./images/applications/cassegrain_nb.png Graphic file (type png)
<use ./images/applications/cassegrain_nb.png>
Package pdftex.def Info: ./images/applications/cassegrain_nb.png  used on input line 136.
(pdftex.def)             Requested size: 193.47578pt x 59.45062pt.
<./images/applications/hubble_design_nb.PNG, id=103, 933.4875pt x 417.35925pt>
File: ./images/applications/hubble_design_nb.PNG Graphic file (type png)
<use ./images/applications/hubble_design_nb.PNG>
Package pdftex.def Info: ./images/applications/hubble_design_nb.PNG  used on input line 141.
(pdftex.def)             Requested size: 193.47578pt x 86.50171pt.

Underfull \hbox (badness 10000) in paragraph at lines 147--147
[][][]\T1/cmbr/m/n/10 .[]Zeiss, $\T1/cmtl/m/n/10 https : / / zeiss-[]campus . magnet . fsu . edu / tutorials / ellipticalreflectors / indexflash .
 []


Underfull \hbox (badness 10000) in paragraph at lines 148--148
[][][]\T1/cmbr/m/n/10 .[]National Ac-ce-le-ra-tor La-bo-ra-tory, SLAC, Stan-ford, $\T1/cmtl/m/n/10 https : / / www6 . slac . stanford . edu / news /
 []


Underfull \hbox (badness 10000) in paragraph at lines 149--149
[][][]\T1/cmbr/m/n/10 .[]Wikipedia, $\T1/cmtl/m/n/10 https : / / en . wikipedia . org / wiki / Cassegrain _ reflector # /media / File : Cassegrain _
 []

[5 <./images/applications/zeiss_lamp_nb.PNG> <./images/applications/zeis_1_nb.PNG> <./images/applications/kbmirror_nb.PNG> <./images/applications/cassegrain_nb.png> <./images/applications/hubble_design_nb.PNG>]
<./images/applications/tihange_nb.jpg, id=114, 305.64188pt x 282.30469pt>
File: ./images/applications/tihange_nb.jpg Graphic file (type jpg)
<use ./images/applications/tihange_nb.jpg>
Package pdftex.def Info: ./images/applications/tihange_nb.jpg  used on input line 156.
(pdftex.def)             Requested size: 193.47578pt x 178.70148pt.
<./images/applications/varsovie_train_nb.jpg, id=115, 406.318pt x 246.521pt>
File: ./images/applications/varsovie_train_nb.jpg Graphic file (type jpg)
<use ./images/applications/varsovie_train_nb.jpg>
Package pdftex.def Info: ./images/applications/varsovie_train_nb.jpg  used on input line 161.
(pdftex.def)             Requested size: 241.84843pt x 146.73259pt.
 [6 <./images/applications/tihange_nb.jpg> <./images/applications/varsovie_train_nb.jpg>]
Overfull \hbox (9.71674pt too wide) detected at line 218
\OML/cmbrm/m/it/12 A\OT1/cmbr/m/n/12 (\OML/cmbrm/m/it/12 x; y\OT1/cmbr/m/n/12 ) []  +  \OML/cmbrm/m/it/12 B\OT1/cmbr/m/n/12 (\OML/cmbrm/m/it/12 x; y\OT1/cmbr/m/n/12 ) []  +  \OML/cmbrm/m/it/12 C\OT1/cmbr/m/n/12 (\OML/cmbrm/m/it/12 x; y\OT1/cmbr/m/n/12 ) []  +  \OML/cmbrm/m/it/12 D\OT1/cmbr/m/n/12 (\OML/cmbrm/m/it/12 x; y\OT1/cmbr/m/n/12 ) []  +  \OML/cmbrm/m/it/12 E\OT1/cmbr/m/n/12 (\OML/cmbrm/m/it/12 x; y\OT1/cmbr/m/n/12 ) []  +  \OML/cmbrm/m/it/12 F\OT1/cmbr/m/n/12 (\OML/cmbrm/m/it/12 x; y\OT1/cmbr/m/n/12 ) \OML/cmbrm/m/it/12 u  \OT1/cmbr/m/n/12 =  \OML/cmbrm/m/it/12 G\OT1/cmbr/m/n/12 (\OML/cmbrm/m/it/12 x; y\OT1/cmbr/m/n/12 )\OML/cmbrm/m/it/12 :
 []

) [7] (./sections/tikz_standalone/grid_0_0.tex)
File: ./sections/tikz_standalone/grid_0_0.tex Graphic file (type tex)

Overfull \hbox (17.64597pt too wide) in paragraph at lines 11--12
[][] 
 []

[8] (./coniques.toc)
\tf@toc=\write4
\openout4 = `coniques.toc'.

 (./sections/cylindre_cone.tex [9] [10]
<./images/3d/lemme_1_nb.PNG, id=140, 322.20375pt x 432.4155pt>
File: ./images/3d/lemme_1_nb.PNG Graphic file (type png)
<use ./images/3d/lemme_1_nb.PNG>
Package pdftex.def Info: ./images/3d/lemme_1_nb.PNG  used on input line 167.
(pdftex.def)             Requested size: 199.16928pt x 267.30305pt.
LaTeX Font Info:    Font shape `T1/cmbr/m/it' in size <12> not available
(Font)              Font shape `T1/cmbr/m/sl' tried instead on input line 173.
<./images/3d/lemme_cone_S.PNG, id=141, 582.37575pt x 484.81125pt>
File: ./images/3d/lemme_cone_S.PNG Graphic file (type png)
<use ./images/3d/lemme_cone_S.PNG>
Package pdftex.def Info: ./images/3d/lemme_cone_S.PNG  used on input line 191.
(pdftex.def)             Requested size: 199.16928pt x 165.80272pt.

Overfull \hbox (5.6935pt too wide) in paragraph at lines 191--192
[][] 
 []


Overfull \hbox (20.28477pt too wide) in paragraph at lines 189--212
[]$[]$  $[]$ 
 []

) (./sections/ellipse.tex [11 <./images/3d/lemme_1_nb.PNG> <./images/3d/lemme_cone_S.PNG>]
File: ./images/icon/roue.PNG Graphic file (type png)
<use ./images/icon/roue.PNG>
Package pdftex.def Info: ./images/icon/roue.PNG  used on input line 5.
(pdftex.def)             Requested size: 24.4789pt x 22.66669pt.
<./images/3d/cylindre_ellipse.PNG, id=151, 742.57425pt x 593.8185pt>
File: ./images/3d/cylindre_ellipse.PNG Graphic file (type png)
<use ./images/3d/cylindre_ellipse.PNG>
Package pdftex.def Info: ./images/3d/cylindre_ellipse.PNG  used on input line 10.
(pdftex.def)             Requested size: 170.71652pt x 136.51195pt.

Overfull \hbox (1.41968pt too wide) in paragraph at lines 10--11
[][] 
 []


Overfull \hbox (20.28477pt too wide) in paragraph at lines 8--26
[]$[]$  $[]$ 
 []

<./images/3d/cylindre_e_s_00.PNG, id=152, 593.8185pt x 603.4545pt>
File: ./images/3d/cylindre_e_s_00.PNG Graphic file (type png)
<use ./images/3d/cylindre_e_s_00.PNG>
Package pdftex.def Info: ./images/3d/cylindre_e_s_00.PNG  used on input line 33.
(pdftex.def)             Requested size: 199.16928pt x 202.4002pt.
<./images/3d/cylindre_ellipse_cst.PNG, id=153, 620.91975pt x 539.01375pt>
File: ./images/3d/cylindre_ellipse_cst.PNG Graphic file (type png)
<use ./images/3d/cylindre_ellipse_cst.PNG>
Package pdftex.def Info: ./images/3d/cylindre_ellipse_cst.PNG  used on input line 38.
(pdftex.def)             Requested size: 256.0748pt x 222.29655pt.

Overfull \hbox (14.22636pt too wide) in paragraph at lines 38--39
[][] 
 []

[12 <./images/3d/cylindre_ellipse.PNG> <./images/3d/cylindre_e_s_00.PNG> <./images/3d/cylindre_ellipse_cst.PNG>]
File: ./images/icon/roue.PNG Graphic file (type png)
<use ./images/icon/roue.PNG>
Package pdftex.def Info: ./images/icon/roue.PNG  used on input line 55.
(pdftex.def)             Requested size: 24.4789pt x 22.66669pt.
File: ./images/3d/cone_ellipse.PNG Graphic file (type png)
<use ./images/3d/cone_ellipse.PNG>
Package pdftex.def Info: ./images/3d/cone_ellipse.PNG  used on input line 59.
(pdftex.def)             Requested size: 175.93016pt x 142.26378pt.

Overfull \hbox (20.28477pt too wide) in paragraph at lines 57--75
[]$[]$  $[]$
 []

<./images/3d/cone_sp_2pl.PNG, id=161, 899.15926pt x 628.749pt>
File: ./images/3d/cone_sp_2pl.PNG Graphic file (type png)
<use ./images/3d/cone_sp_2pl.PNG>
Package pdftex.def Info: ./images/3d/cone_sp_2pl.PNG  used on input line 81.
(pdftex.def)             Requested size: 284.82819pt x 199.16928pt.

Overfull \hbox (2.65996pt too wide) in paragraph at lines 76--90
[]$  $[]$
 []

[13 <./images/3d/cone_sp_2pl.PNG>]
<./images/3d/cone_spheres_rot.PNG, id=167, 914.2155pt x 416.757pt>
File: ./images/3d/cone_spheres_rot.PNG Graphic file (type png)
<use ./images/3d/cone_spheres_rot.PNG>
Package pdftex.def Info: ./images/3d/cone_spheres_rot.PNG  used on input line 106.
(pdftex.def)             Requested size: 569.05511pt x 259.41685pt.

Overfull \hbox (85.35825pt too wide) in paragraph at lines 106--107
[][] 
 []

[14 <./images/3d/cone_spheres_rot.PNG>]
<sections/tikz_standalone/ell_1.pdf, id=173, 455.64427pt x 341.83308pt>
File: sections/tikz_standalone/ell_1.pdf Graphic file (type pdf)
<use sections/tikz_standalone/ell_1.pdf>
Package pdftex.def Info: sections/tikz_standalone/ell_1.pdf  used on input line 157.
(pdftex.def)             Requested size: 364.51591pt x 273.46681pt.
 [15 <./sections/tikz_standalone/ell_1.pdf>]
<sections/tikz_standalone/ell_2.pdf, id=192, 180.07376pt x 146.50635pt>
File: sections/tikz_standalone/ell_2.pdf Graphic file (type pdf)
<use sections/tikz_standalone/ell_2.pdf>
Package pdftex.def Info: sections/tikz_standalone/ell_2.pdf  used on input line 165.
(pdftex.def)             Requested size: 198.08173pt x 161.15746pt.

Underfull \hbox (badness 10000) in paragraph at lines 170--178

 []

[16 <./sections/tikz_standalone/ell_2.pdf>]
<sections/tikz_standalone/ell_3.pdf, id=212, 223.26813pt x 151.6907pt>
File: sections/tikz_standalone/ell_3.pdf Graphic file (type pdf)
<use sections/tikz_standalone/ell_3.pdf>
Package pdftex.def Info: sections/tikz_standalone/ell_3.pdf  used on input line 190.
(pdftex.def)             Requested size: 245.59569pt x 166.86028pt.
<sections/tikz_standalone/ell_4.pdf, id=213, 221.8679pt x 152.39034pt>
File: sections/tikz_standalone/ell_4.pdf Graphic file (type pdf)
<use sections/tikz_standalone/ell_4.pdf>
Package pdftex.def Info: sections/tikz_standalone/ell_4.pdf  used on input line 195.
(pdftex.def)             Requested size: 244.05544pt x 167.62987pt.
<sections/tikz_standalone/ell_5.pdf, id=214, 221.8679pt x 147.94472pt>
File: sections/tikz_standalone/ell_5.pdf Graphic file (type pdf)
<use sections/tikz_standalone/ell_5.pdf>
Package pdftex.def Info: sections/tikz_standalone/ell_5.pdf  used on input line 201.
(pdftex.def)             Requested size: 244.05544pt x 162.73967pt.
 [17 <./sections/tikz_standalone/ell_3.pdf> <./sections/tikz_standalone/ell_4.pdf> <./sections/tikz_standalone/ell_5.pdf>]
<sections/tikz_standalone/ell_6.pdf, id=274, 404.72908pt x 177.37468pt>
File: sections/tikz_standalone/ell_6.pdf Graphic file (type pdf)
<use sections/tikz_standalone/ell_6.pdf>
Package pdftex.def Info: sections/tikz_standalone/ell_6.pdf  used on input line 213.
(pdftex.def)             Requested size: 445.20335pt x 195.11273pt.
 [18 <./sections/tikz_standalone/ell_6.pdf>]
Overfull \hbox (23.34474pt too wide) in paragraph at lines 240--256
[]$[]$   |$[]$ 
 []

[19]
<sections/tikz_standalone/ell_7.pdf, id=298, 240.80365pt x 114.61119pt>
File: sections/tikz_standalone/ell_7.pdf Graphic file (type pdf)
<use sections/tikz_standalone/ell_7.pdf>
Package pdftex.def Info: sections/tikz_standalone/ell_7.pdf  used on input line 270.
(pdftex.def)             Requested size: 313.0447pt x 148.9945pt.

Underfull \hbox (badness 10000) in paragraph at lines 281--283

 []


Underfull \hbox (badness 10000) in paragraph at lines 298--301

 []

[20 <./sections/tikz_standalone/ell_7.pdf>]
LaTeX Font Info:    Font shape `T1/cmbr/m/it' in size <8> not available
(Font)              Font shape `T1/cmbr/m/sl' tried instead on input line 316.
LaTeX Font Info:    Font shape `T1/cmbr/m/it' in size <6> not available
(Font)              Font shape `T1/cmbr/m/sl' tried instead on input line 316.
 [21]
Underfull \hbox (badness 10000) in paragraph at lines 331--334

 []


Underfull \hbox (badness 10000) in paragraph at lines 339--340

 []

<sections/tikz_standalone/ell_8.pdf, id=327, 198.02483pt x 167.2087pt>
File: sections/tikz_standalone/ell_8.pdf Graphic file (type pdf)
<use sections/tikz_standalone/ell_8.pdf>
Package pdftex.def Info: sections/tikz_standalone/ell_8.pdf  used on input line 346.
(pdftex.def)             Requested size: 237.62857pt x 200.6494pt.
File: ./images/icon/roue.PNG Graphic file (type png)
<use ./images/icon/roue.PNG>
Package pdftex.def Info: ./images/icon/roue.PNG  used on input line 352.
(pdftex.def)             Requested size: 24.4789pt x 22.66669pt.
File: ./images/icon/roue.PNG Graphic file (type png)
<use ./images/icon/roue.PNG>
Package pdftex.def Info: ./images/icon/roue.PNG  used on input line 359.
(pdftex.def)             Requested size: 24.4789pt x 22.66669pt.
[22 <./sections/tikz_standalone/ell_8.pdf>]
<sections/tikz_standalone/ell_9.pdf, id=357, 195.38797pt x 162.38869pt>
File: sections/tikz_standalone/ell_9.pdf Graphic file (type pdf)
<use sections/tikz_standalone/ell_9.pdf>
Package pdftex.def Info: sections/tikz_standalone/ell_9.pdf  used on input line 368.
(pdftex.def)             Requested size: 234.46437pt x 194.86543pt.

Underfull \hbox (badness 10000) in paragraph at lines 372--373

 []


Overfull \hbox (20.28479pt too wide) in paragraph at lines 367--385
[]$[]$  $[]$ 
 []

[23 <./sections/tikz_standalone/ell_9.pdf>] [24] [25]
Underfull \hbox (badness 10000) in paragraph at lines 404--406

 []


LaTeX Font Warning: Font shape `T1/cmbr/b/it' undefined
(Font)              using `T1/cmbr/b/n' instead on input line 412.


Underfull \hbox (badness 10000) in paragraph at lines 412--416

 []


Underfull \hbox (badness 10000) in paragraph at lines 419--428

 []


Underfull \hbox (badness 10000) in paragraph at lines 419--428

 []


Underfull \hbox (badness 10000) in paragraph at lines 419--428

 []

LaTeX Font Info:    Font shape `T1/cmbr/b/it' in size <12> not available
(Font)              Font shape `T1/cmbr/bx/n' tried instead on input line 446.

Underfull \hbox (badness 10000) in paragraph at lines 429--450

 []


Underfull \hbox (badness 10000) in paragraph at lines 429--450

 []


Underfull \hbox (badness 10000) in paragraph at lines 451--472

 []


Underfull \hbox (badness 10000) in paragraph at lines 451--472

 []

[26]
Underfull \hbox (badness 10000) in paragraph at lines 473--524

 []


Underfull \hbox (badness 10000) in paragraph at lines 473--524

 []


Underfull \hbox (badness 10000) in paragraph at lines 473--524

 []


Underfull \hbox (badness 10000) in paragraph at lines 473--524

 []

[27]
Underfull \hbox (badness 10000) in paragraph at lines 549--555

 []


Underfull \hbox (badness 10000) in paragraph at lines 549--555

 []

[28] [29] [30]
<sections/tikz_standalone/ell_10.pdf, id=403, 184.29753pt x 127.92693pt>
File: sections/tikz_standalone/ell_10.pdf Graphic file (type pdf)
<use sections/tikz_standalone/ell_10.pdf>
Package pdftex.def Info: sections/tikz_standalone/ell_10.pdf  used on input line 631.
(pdftex.def)             Requested size: 129.00739pt x 89.54822pt.
<sections/tikz_standalone/ell_11.pdf, id=404, 127.39194pt x 177.77417pt>
File: sections/tikz_standalone/ell_11.pdf Graphic file (type pdf)
<use sections/tikz_standalone/ell_11.pdf>
Package pdftex.def Info: sections/tikz_standalone/ell_11.pdf  used on input line 631.
(pdftex.def)             Requested size: 89.17372pt x 124.44106pt.

Overfull \hbox (37.59993pt too wide) in paragraph at lines 611--634
 [] 
 []

[31

 <./sections/tikz_standalone/ell_10.pdf> <./sections/tikz_standalone/ell_11.pdf>]
<sections/tikz_standalone/ell_12.pdf, id=419, 184.29753pt x 138.89792pt>
File: sections/tikz_standalone/ell_12.pdf Graphic file (type pdf)
<use sections/tikz_standalone/ell_12.pdf>
Package pdftex.def Info: sections/tikz_standalone/ell_12.pdf  used on input line 658.
(pdftex.def)             Requested size: 129.00739pt x 97.22786pt.
<sections/tikz_standalone/ell_13.pdf, id=420, 139.31949pt x 188.74615pt>
File: sections/tikz_standalone/ell_13.pdf Graphic file (type pdf)
<use sections/tikz_standalone/ell_13.pdf>
Package pdftex.def Info: sections/tikz_standalone/ell_13.pdf  used on input line 658.
(pdftex.def)             Requested size: 97.52296pt x 132.1214pt.

Overfull \hbox (37.59993pt too wide) in paragraph at lines 638--661
 [] 
 []

[30

 <./sections/tikz_standalone/ell_12.pdf> <./sections/tikz_standalone/ell_13.pdf>]) (./sections/hyperbole.tex
<sections/tikz_standalone/hyp_1.pdf, id=435, 626.36009pt x 512.54887pt>
File: sections/tikz_standalone/hyp_1.pdf Graphic file (type pdf)
<use sections/tikz_standalone/hyp_1.pdf>
Package pdftex.def Info: sections/tikz_standalone/hyp_1.pdf  used on input line 22.
(pdftex.def)             Requested size: 457.23906pt x 374.15756pt.
 [31

 <./sections/tikz_standalone/hyp_1.pdf>]
<sections/tikz_standalone/hyp_2.pdf, id=449, 297.49744pt x 195.85773pt>
File: sections/tikz_standalone/hyp_2.pdf Graphic file (type pdf)
<use sections/tikz_standalone/hyp_2.pdf>
Package pdftex.def Info: sections/tikz_standalone/hyp_2.pdf  used on input line 31.
(pdftex.def)             Requested size: 237.99826pt x 156.68639pt.

Underfull \hbox (badness 10000) in paragraph at lines 36--42

 []

[32 <./sections/tikz_standalone/hyp_2.pdf>]
<sections/tikz_standalone/hyp_4.pdf, id=467, 354.19325pt x 303.94153pt>
File: sections/tikz_standalone/hyp_4.pdf Graphic file (type pdf)
<use sections/tikz_standalone/hyp_4.pdf>
Package pdftex.def Info: sections/tikz_standalone/hyp_4.pdf  used on input line 55.
(pdftex.def)             Requested size: 230.22289pt x 197.55965pt.
<sections/tikz_standalone/hyp_3.pdf, id=468, 354.19325pt x 303.94153pt>
File: sections/tikz_standalone/hyp_3.pdf Graphic file (type pdf)
<use sections/tikz_standalone/hyp_3.pdf>
Package pdftex.def Info: sections/tikz_standalone/hyp_3.pdf  used on input line 60.
(pdftex.def)             Requested size: 247.93358pt x 212.75761pt.
<sections/tikz_standalone/hyp_5.pdf, id=469, 354.19325pt x 303.94153pt>
File: sections/tikz_standalone/hyp_5.pdf Graphic file (type pdf)
<use sections/tikz_standalone/hyp_5.pdf>
Package pdftex.def Info: sections/tikz_standalone/hyp_5.pdf  used on input line 66.
(pdftex.def)             Requested size: 247.93358pt x 212.75761pt.
 [33 <./sections/tikz_standalone/hyp_4.pdf> <./sections/tikz_standalone/hyp_3.pdf> <./sections/tikz_standalone/hyp_5.pdf>]
<sections/tikz_standalone/hyp_6.pdf, id=526, 404.72908pt x 178.10541pt>
File: sections/tikz_standalone/hyp_6.pdf Graphic file (type pdf)
<use sections/tikz_standalone/hyp_6.pdf>
Package pdftex.def Info: sections/tikz_standalone/hyp_6.pdf  used on input line 78.
(pdftex.def)             Requested size: 445.20335pt x 195.91653pt.

Overfull \hbox (5.54929pt too wide) detected at line 93
[]
 []

[34 <./sections/tikz_standalone/hyp_6.pdf>]
<sections/tikz_standalone/hyp_7.pdf, id=545, 240.80365pt x 114.61119pt>
File: sections/tikz_standalone/hyp_7.pdf Graphic file (type pdf)
<use sections/tikz_standalone/hyp_7.pdf>
Package pdftex.def Info: sections/tikz_standalone/hyp_7.pdf  used on input line 109.
(pdftex.def)             Requested size: 313.0447pt x 148.9945pt.

Underfull \hbox (badness 10000) in paragraph at lines 118--123

 []

[35 <./sections/tikz_standalone/hyp_7.pdf>]
Underfull \hbox (badness 10000) in paragraph at lines 202--203

 []

[36]
<sections/tikz_standalone/hyp_8.pdf, id=571, 195.39801pt x 162.39671pt>
File: sections/tikz_standalone/hyp_8.pdf Graphic file (type pdf)
<use sections/tikz_standalone/hyp_8.pdf>
Package pdftex.def Info: sections/tikz_standalone/hyp_8.pdf  used on input line 209.
(pdftex.def)             Requested size: 234.47643pt x 194.87506pt.
File: ./images/icon/roue.PNG Graphic file (type png)
<use ./images/icon/roue.PNG>
Package pdftex.def Info: ./images/icon/roue.PNG  used on input line 215.
(pdftex.def)             Requested size: 24.4789pt x 22.66669pt.
 [37 <./sections/tikz_standalone/hyp_8.pdf>]
<sections/tikz_standalone/hyp_9.pdf, id=589, 195.39098pt x 162.39069pt>
File: sections/tikz_standalone/hyp_9.pdf Graphic file (type pdf)
<use sections/tikz_standalone/hyp_9.pdf>
Package pdftex.def Info: sections/tikz_standalone/hyp_9.pdf  used on input line 229.
(pdftex.def)             Requested size: 234.46799pt x 194.86783pt.

Underfull \hbox (badness 10000) in paragraph at lines 233--234

 []


Underfull \hbox (badness 10000) in paragraph at lines 235--241

 []

[38 <./sections/tikz_standalone/hyp_9.pdf>] [39]
Underfull \hbox (badness 10000) in paragraph at lines 266--268

 []

[40] [41]
Underfull \hbox (badness 10000) in paragraph at lines 424--427

 []


Underfull \hbox (badness 10000) in paragraph at lines 429--437

 []

[42] [43] [44]
<sections/tikz_standalone/hyp_10.pdf, id=632, 195.39801pt x 162.39671pt>
File: sections/tikz_standalone/hyp_10.pdf Graphic file (type pdf)
<use sections/tikz_standalone/hyp_10.pdf>
Package pdftex.def Info: sections/tikz_standalone/hyp_10.pdf  used on input line 511.
(pdftex.def)             Requested size: 136.77766pt x 113.67691pt.
<sections/tikz_standalone/hyp_11.pdf, id=633, 195.396pt x 162.39873pt>
File: sections/tikz_standalone/hyp_11.pdf Graphic file (type pdf)
<use sections/tikz_standalone/hyp_11.pdf>
Package pdftex.def Info: sections/tikz_standalone/hyp_11.pdf  used on input line 511.
(pdftex.def)             Requested size: 136.77625pt x 113.67831pt.

Overfull \hbox (37.59993pt too wide) in paragraph at lines 491--514
 [] 
 []

[45

 <./sections/tikz_standalone/hyp_10.pdf> <./sections/tikz_standalone/hyp_11.pdf>]
<sections/tikz_standalone/hyp_12.pdf, id=653, 195.39902pt x 162.39671pt>
File: sections/tikz_standalone/hyp_12.pdf Graphic file (type pdf)
<use sections/tikz_standalone/hyp_12.pdf>
Package pdftex.def Info: sections/tikz_standalone/hyp_12.pdf  used on input line 538.
(pdftex.def)             Requested size: 136.77837pt x 113.67691pt.
<sections/tikz_standalone/hyp_13.pdf, id=654, 195.397pt x 162.39972pt>
File: sections/tikz_standalone/hyp_13.pdf Graphic file (type pdf)
<use sections/tikz_standalone/hyp_13.pdf>
Package pdftex.def Info: sections/tikz_standalone/hyp_13.pdf  used on input line 538.
(pdftex.def)             Requested size: 136.77696pt x 113.67902pt.

Overfull \hbox (37.59993pt too wide) in paragraph at lines 518--541
 [] 
 []

[44

 <./sections/tikz_standalone/hyp_12.pdf> <./sections/tikz_standalone/hyp_13.pdf>]) (./sections/parabole.tex
Underfull \hbox (badness 10000) in paragraph at lines 17--19

 []

<sections/tikz_standalone/para_1.pdf, id=669, 427.19098pt x 456.44429pt>
File: sections/tikz_standalone/para_1.pdf Graphic file (type pdf)
<use sections/tikz_standalone/para_1.pdf>
Package pdftex.def Info: sections/tikz_standalone/para_1.pdf  used on input line 23.
(pdftex.def)             Requested size: 341.75323pt x 365.15593pt.
[45

 <./sections/tikz_standalone/para_1.pdf>]
<sections/tikz_standalone/para_2.pdf, id=684, 216.276pt x 218.49629pt>
File: sections/tikz_standalone/para_2.pdf Graphic file (type pdf)
<use sections/tikz_standalone/para_2.pdf>
Package pdftex.def Info: sections/tikz_standalone/para_2.pdf  used on input line 31.
(pdftex.def)             Requested size: 237.90433pt x 240.34665pt.

Underfull \hbox (badness 10000) in paragraph at lines 36--39

 []

<sections/tikz_standalone/para_3.pdf, id=685, 198.62706pt x 194.6201pt>
File: sections/tikz_standalone/para_3.pdf Graphic file (type pdf)
<use sections/tikz_standalone/para_3.pdf>
Package pdftex.def Info: sections/tikz_standalone/para_3.pdf  used on input line 46.
(pdftex.def)             Requested size: 297.93985pt x 291.92944pt.
[46 <./sections/tikz_standalone/para_2.pdf> <./sections/tikz_standalone/para_3.pdf>]
<sections/tikz_standalone/para_4.pdf, id=712, 223.30025pt x 177.57442pt>
File: sections/tikz_standalone/para_4.pdf Graphic file (type pdf)
<use sections/tikz_standalone/para_4.pdf>
Package pdftex.def Info: sections/tikz_standalone/para_4.pdf  used on input line 57.
(pdftex.def)             Requested size: 245.63103pt x 195.33244pt.
<sections/tikz_standalone/para_5.pdf, id=713, 262.46556pt x 177.57442pt>
File: sections/tikz_standalone/para_5.pdf Graphic file (type pdf)
<use sections/tikz_standalone/para_5.pdf>
Package pdftex.def Info: sections/tikz_standalone/para_5.pdf  used on input line 63.
(pdftex.def)             Requested size: 288.71298pt x 195.33244pt.
 [47 <./sections/tikz_standalone/para_4.pdf> <./sections/tikz_standalone/para_5.pdf>] [48]
<sections/tikz_standalone/para_4bis.pdf, id=764, 191.33383pt x 177.92471pt>
File: sections/tikz_standalone/para_4bis.pdf Graphic file (type pdf)
<use sections/tikz_standalone/para_4bis.pdf>
Package pdftex.def Info: sections/tikz_standalone/para_4bis.pdf  used on input line 78.
(pdftex.def)             Requested size: 95.66667pt x 88.96213pt.

Underfull \hbox (badness 10000) in paragraph at lines 82--84

 []


Overfull \hbox (2.65996pt too wide) in paragraph at lines 76--88
[]$  $[]$ 
 []

<sections/tikz_standalone/para_6.pdf, id=765, 205.55998pt x 177.88658pt>
File: sections/tikz_standalone/para_6.pdf Graphic file (type pdf)
<use sections/tikz_standalone/para_6.pdf>
Package pdftex.def Info: sections/tikz_standalone/para_6.pdf  used on input line 91.
(pdftex.def)             Requested size: 123.33693pt x 106.73276pt.

Underfull \hbox (badness 10000) in paragraph at lines 95--97

 []


Overfull \hbox (2.65996pt too wide) in paragraph at lines 90--101
[]$[]$  $[]$ 
 []

<sections/tikz_standalone/para_7.pdf, id=766, 177.61958pt x 177.37468pt>
File: sections/tikz_standalone/para_7.pdf Graphic file (type pdf)
<use sections/tikz_standalone/para_7.pdf>
Package pdftex.def Info: sections/tikz_standalone/para_7.pdf  used on input line 104.
(pdftex.def)             Requested size: 124.33286pt x 124.16142pt.

Underfull \hbox (badness 10000) in paragraph at lines 108--110

 []


Overfull \hbox (2.65996pt too wide) in paragraph at lines 103--114
[]$[]$  $[]$ 
 []

<sections/tikz_standalone/para_8.pdf, id=767, 177.65672pt x 177.37468pt>
File: sections/tikz_standalone/para_8.pdf Graphic file (type pdf)
<use sections/tikz_standalone/para_8.pdf>
Package pdftex.def Info: sections/tikz_standalone/para_8.pdf  used on input line 117.
(pdftex.def)             Requested size: 124.35884pt x 124.16142pt.

Underfull \hbox (badness 10000) in paragraph at lines 121--123

 []


Overfull \hbox (2.65996pt too wide) in paragraph at lines 116--127
[]$[]$  $[]$ 
 []

[49 <./sections/tikz_standalone/para_4bis.pdf> <./sections/tikz_standalone/para_6.pdf> <./sections/tikz_standalone/para_7.pdf> <./sections/tikz_standalone/para_8.pdf>] [50] [51] [52]
File: sections/tikz_standalone/para_4bis.pdf Graphic file (type pdf)
<use sections/tikz_standalone/para_4bis.pdf>
Package pdftex.def Info: sections/tikz_standalone/para_4bis.pdf  used on input line 172.
(pdftex.def)             Requested size: 133.93275pt x 124.54643pt.
File: sections/tikz_standalone/para_6.pdf Graphic file (type pdf)
<use sections/tikz_standalone/para_6.pdf>
Package pdftex.def Info: sections/tikz_standalone/para_6.pdf  used on input line 172.
(pdftex.def)             Requested size: 143.89099pt x 124.51973pt.

Overfull \hbox (37.59993pt too wide) in paragraph at lines 156--175
 [] 
 []

[53]
<sections/tikz_standalone/para_9.pdf, id=842, 191.33383pt x 177.92471pt>
File: sections/tikz_standalone/para_9.pdf Graphic file (type pdf)
<use sections/tikz_standalone/para_9.pdf>
Package pdftex.def Info: sections/tikz_standalone/para_9.pdf  used on input line 195.
(pdftex.def)             Requested size: 133.93275pt x 124.54643pt.
<sections/tikz_standalone/para_10.pdf, id=843, 191.33383pt x 177.88658pt>
File: sections/tikz_standalone/para_10.pdf Graphic file (type pdf)
<use sections/tikz_standalone/para_10.pdf>
Package pdftex.def Info: sections/tikz_standalone/para_10.pdf  used on input line 195.
(pdftex.def)             Requested size: 133.93275pt x 124.51973pt.

Overfull \hbox (37.59993pt too wide) in paragraph at lines 179--198
 [] 
 []

[54 <./sections/tikz_standalone/para_9.pdf> <./sections/tikz_standalone/para_10.pdf>]
File: sections/tikz_standalone/para_7.pdf Graphic file (type pdf)
<use sections/tikz_standalone/para_7.pdf>
Package pdftex.def Info: sections/tikz_standalone/para_7.pdf  used on input line 217.
(pdftex.def)             Requested size: 124.33286pt x 124.16142pt.
File: sections/tikz_standalone/para_8.pdf Graphic file (type pdf)
<use sections/tikz_standalone/para_8.pdf>
Package pdftex.def Info: sections/tikz_standalone/para_8.pdf  used on input line 217.
(pdftex.def)             Requested size: 124.35884pt x 124.16142pt.

Overfull \hbox (37.59993pt too wide) in paragraph at lines 201--220
 [] 
 []

[55]
<sections/tikz_standalone/para_11.pdf, id=871, 191.33383pt x 177.37468pt>
File: sections/tikz_standalone/para_11.pdf Graphic file (type pdf)
<use sections/tikz_standalone/para_11.pdf>
Package pdftex.def Info: sections/tikz_standalone/para_11.pdf  used on input line 239.
(pdftex.def)             Requested size: 133.93275pt x 124.16142pt.
<sections/tikz_standalone/para_12.pdf, id=872, 191.33383pt x 177.37468pt>
File: sections/tikz_standalone/para_12.pdf Graphic file (type pdf)
<use sections/tikz_standalone/para_12.pdf>
Package pdftex.def Info: sections/tikz_standalone/para_12.pdf  used on input line 239.
(pdftex.def)             Requested size: 133.93275pt x 124.16142pt.

Overfull \hbox (37.59993pt too wide) in paragraph at lines 223--242
 [] 
 []

) (./sections/generale.tex [56 <./sections/tikz_standalone/para_11.pdf> <./sections/tikz_standalone/para_12.pdf>]
Underfull \hbox (badness 10000) in paragraph at lines 15--19

 []


Underfull \hbox (badness 10000) in paragraph at lines 27--31

 []

[57]
Underfull \hbox (badness 10000) in paragraph at lines 38--41

 []

[58]
<./sections/tikz_standalone/gen_rot_01.pdf, id=903, 198.0218pt x 167.2087pt>
File: ./sections/tikz_standalone/gen_rot_01.pdf Graphic file (type pdf)
<use ./sections/tikz_standalone/gen_rot_01.pdf>
Package pdftex.def Info: ./sections/tikz_standalone/gen_rot_01.pdf  used on input line 52.
(pdftex.def)             Requested size: 158.41763pt x 133.76712pt.
<./sections/tikz_standalone/gen_rot_00.pdf, id=904, 198.0218pt x 167.2087pt>
File: ./sections/tikz_standalone/gen_rot_00.pdf Graphic file (type pdf)
<use ./sections/tikz_standalone/gen_rot_00.pdf>
Package pdftex.def Info: ./sections/tikz_standalone/gen_rot_00.pdf  used on input line 56.
(pdftex.def)             Requested size: 158.41763pt x 133.76712pt.

Overfull \hbox (20.28479pt too wide) in paragraph at lines 51--58
[]$[]$  $[]$ 
 []

<./sections/tikz_standalone/gen_rot_1.pdf, id=905, 195.39098pt x 162.3937pt>
File: ./sections/tikz_standalone/gen_rot_1.pdf Graphic file (type pdf)
<use ./sections/tikz_standalone/gen_rot_1.pdf>
Package pdftex.def Info: ./sections/tikz_standalone/gen_rot_1.pdf  used on input line 61.
(pdftex.def)             Requested size: 195.39049pt x 162.3933pt.
<./sections/tikz_standalone/gen_rot_2.pdf, id=906, 198.0218pt x 167.2087pt>
File: ./sections/tikz_standalone/gen_rot_2.pdf Graphic file (type pdf)
<use ./sections/tikz_standalone/gen_rot_2.pdf>
Package pdftex.def Info: ./sections/tikz_standalone/gen_rot_2.pdf  used on input line 65.
(pdftex.def)             Requested size: 198.0213pt x 167.20827pt.

Overfull \hbox (20.28479pt too wide) in paragraph at lines 60--67
[]$[]$  $[]$ 
 []


Underfull \hbox (badness 10000) in paragraph at lines 74--77

 []


Underfull \hbox (badness 10000) in paragraph at lines 87--90

 []

[59 <./sections/tikz_standalone/gen_rot_01.pdf> <./sections/tikz_standalone/gen_rot_00.pdf> <./sections/tikz_standalone/gen_rot_1.pdf> <./sections/tikz_standalone/gen_rot_2.pdf>] [60]
Underfull \hbox (badness 10000) in paragraph at lines 124--127

 []


Underfull \hbox (badness 10000) in paragraph at lines 128--131

 []


Underfull \hbox (badness 10000) in paragraph at lines 132--135

 []

[61] [62] [63] [64]) (./sections/tangentes.tex [65] [66] [67]) (./sections/optique.tex) [68] (./coniques.aux)
 ***********
LaTeX2e <2025-11-01>
L3 programming layer <2026-01-19>
 ***********


LaTeX Font Warning: Some font shapes were not available, defaults substituted.


LaTeX Warning: There were multiply-defined labels.

 ) 
Here is how much of TeX's memory you used:
 42404 strings out of 467532
 1023274 string characters out of 5423647
 1550090 words of memory out of 5000000
 70517 multiletter control sequences out of 15000+600000
 650667 words of font info for 104 fonts, out of 8000000 for 9000
 1141 hyphenation exceptions out of 8191
 100i,15n,134p,834b,823s stack positions out of 10000i,1000n,20000p,200000b,200000s
<c:/texlive/2025/texmf-dist/fonts/type1/public/amsfonts/cm/cmex10.pfb><c:/texlive/2025/texmf-dist/fonts/type1/public/amsfonts/cm/cmmi10.pfb><c:/texlive/2025/texmf-dist/fonts/type1/public/amsfonts/cm/cmmi6.pfb><c:/texlive/2025/texmf-dist/fonts/type1/public/amsfonts/cm/cmmi7.pfb><c:/texlive/2025/texmf-dist/fonts/type1/public/amsfonts/cm/cmmi8.pfb><c:/texlive/2025/texmf-dist/fonts/type1/public/amsfonts/cm/cmr10.pfb><c:/texlive/2025/texmf-dist/fonts/type1/public/amsfonts/cm/cmr5.pfb><c:/texlive/2025/texmf-dist/fonts/type1/public/amsfonts/cm/cmr7.pfb><c:/texlive/2025/texmf-dist/fonts/type1/public/amsfonts/cm/cmr8.pfb><c:/texlive/2025/texmf-dist/fonts/type1/public/amsfonts/cm/cmsy10.pfb><c:/texlive/2025/texmf-dist/fonts/type1/public/amsfonts/cm/cmsy7.pfb><c:/texlive/2025/texmf-dist/fonts/type1/public/hfbright/hfbr10.pfb><c:/texlive/2025/texmf-dist/fonts/type1/public/hfbright/hfbr8.pfb><c:/texlive/2025/texmf-dist/fonts/type1/public/hfbright/hfbrbs10.pfb><c:/texlive/2025/texmf-dist/fonts/type1/public/hfbright/hfbrmi10.pfb><c:/texlive/2025/texmf-dist/fonts/type1/public/hfbright/hfbrmi8.pfb><c:/texlive/2025/texmf-dist/fonts/type1/public/hfbright/hfbrsy10.pfb><c:/texlive/2025/texmf-dist/fonts/type1/public/hfbright/hfbrsy8.pfb><c:/texlive/2025/texmf-dist/fonts/type1/public/cm-super/sfbbx10.pfb><c:/texlive/2025/texmf-dist/fonts/type1/public/cm-super/sfbmo10.pfb><c:/texlive/2025/texmf-dist/fonts/type1/public/cm-super/sfbmr10.pfb><c:/texlive/2025/texmf-dist/fonts/type1/public/cm-super/sfbmr8.pfb><c:/texlive/2025/texmf-dist/fonts/type1/public/cm-super/sfbtl10.pfb>
Output written on coniques.pdf (74 pages, 7483867 bytes).
PDF statistics:
 1084 PDF objects out of 1200 (max. 8388607)
 723 compressed objects within 8 object streams
 0 named destinations out of 1000 (max. 500000)
 527 words of extra memory for PDF output out of 10000 (max. 10000000)

